\BOOKMARK [0][-]{Doc-Start}{\376\377\0002\000\040\000K\000\366\000v\000e\000t\000e\000l\000m\000\351\000n\000y\000,\000\040\000p\000r\000o\000j\000e\000k\000t\000,\000\040\000f\000u\000n\000k\000c\000i\000o\000n\000a\000l\000i\000t\000\341\000s}{}% 1
\BOOKMARK [1][-]{section*.1}{\376\377\0002\000.\0001\000.\000\040\000B\000e\000v\000e\000z\000e\000t\000\351\000s}{Doc-Start}% 2
\BOOKMARK [2][-]{section*.1}{\376\377\0002\000.\0001\000.\0001\000.\000\040\000C\000\351\000l}{Doc-Start}% 3
\BOOKMARK [2][-]{section*.1}{\376\377\0002\000.\0001\000.\0002\000.\000\040\000S\000z\000a\000k\000t\000e\000r\000\374\000l\000e\000t}{Doc-Start}% 4
\BOOKMARK [2][-]{section*.1}{\376\377\0002\000.\0001\000.\0003\000.\000\040\000D\000e\000f\000i\000n\000\355\000c\000i\000\363\000k\000,\000\040\000r\000\366\000v\000i\000d\000\355\000t\000\351\000s\000e\000k}{Doc-Start}% 5
\BOOKMARK [2][-]{section*.1}{\376\377\0002\000.\0001\000.\0004\000.\000\040\000H\000i\000v\000a\000t\000k\000o\000z\000\341\000s\000o\000k}{Doc-Start}% 6
\BOOKMARK [2][-]{section*.1}{\376\377\0002\000.\0001\000.\0005\000.\000\040\000\326\000s\000s\000z\000e\000f\000o\000g\000l\000a\000l\000\341\000s}{Doc-Start}% 7
\BOOKMARK [1][-]{section*.1}{\376\377\0002\000.\0002\000.\000\040\000\301\000t\000t\000e\000k\000i\000n\000t\000\351\000s}{Doc-Start}% 8
\BOOKMARK [2][-]{section*.2}{\376\377\0002\000.\0002\000.\0001\000.\000\040\000\301\000l\000t\000a\000l\000\341\000n\000o\000s\000\040\000\341\000t\000t\000e\000k\000i\000n\000t\000\351\000s}{section*.1}% 9
\BOOKMARK [2][-]{section*.2}{\376\377\0002\000.\0002\000.\0002\000.\000\040\000F\000u\000n\000k\000c\000i\000\363\000k}{section*.1}% 10
\BOOKMARK [2][-]{section*.2}{\376\377\0002\000.\0002\000.\0003\000.\000\040\000F\000e\000l\000h\000a\000s\000z\000n\000\341\000l\000\363\000k}{section*.1}% 11
\BOOKMARK [2][-]{section*.2}{\376\377\0002\000.\0002\000.\0004\000.\000\040\000K\000o\000r\000l\000\341\000t\000o\000z\000\341\000s\000o\000k}{section*.1}% 12
\BOOKMARK [2][-]{section*.2}{\376\377\0002\000.\0002\000.\0005\000.\000\040\000F\000e\000l\000t\000\351\000t\000e\000l\000e\000z\000\351\000s\000e\000k\000,\000\040\000k\000a\000p\000c\000s\000o\000l\000a\000t\000o\000k}{section*.1}% 13
\BOOKMARK [1][-]{section*.2}{\376\377\0002\000.\0003\000.\000\040\000K\000\366\000v\000e\000t\000e\000l\000m\000\351\000n\000y\000e\000k}{Doc-Start}% 14
\BOOKMARK [2][-]{section*.3}{\376\377\0002\000.\0003\000.\0001\000.\000\040\000F\000u\000n\000k\000c\000i\000o\000n\000\341\000l\000i\000s\000\040\000k\000\366\000v\000e\000t\000e\000l\000m\000\351\000n\000y\000e\000k}{section*.2}% 15
\BOOKMARK [2][-]{table.2.1}{\376\377\0002\000.\0003\000.\0002\000.\000\040\000E\000r\001\121\000f\000o\000r\000r\000\341\000s\000o\000k\000k\000a\000l\000\040\000k\000a\000p\000c\000s\000o\000l\000a\000t\000o\000s\000\040\000k\000\366\000v\000e\000t\000e\000l\000m\000\351\000n\000y\000e\000k}{section*.2}% 16
\BOOKMARK [2][-]{table.2.2}{\376\377\0002\000.\0003\000.\0003\000.\000\040\000\301\000t\000a\000d\000\341\000s\000s\000a\000l\000\040\000k\000a\000p\000c\000s\000o\000l\000a\000t\000o\000s\000\040\000k\000\366\000v\000e\000t\000e\000l\000m\000\351\000n\000y\000e\000k}{section*.2}% 17
\BOOKMARK [2][-]{table.2.3}{\376\377\0002\000.\0003\000.\0004\000.\000\040\000E\000g\000y\000\351\000b\000\040\000n\000e\000m\000\040\000f\000u\000n\000k\000c\000i\000o\000n\000\341\000l\000i\000s\000\040\000k\000\366\000v\000e\000t\000e\000l\000m\000\351\000n\000y\000e\000k}{section*.2}% 18
\BOOKMARK [1][-]{table.2.4}{\376\377\0002\000.\0004\000.\000\040\000L\000\351\000n\000y\000e\000g\000e\000s\000\040\000u\000s\000e\000-\000c\000a\000s\000e\000-\000e\000k}{Doc-Start}% 19
\BOOKMARK [2][-]{section*.4}{\376\377\0002\000.\0004\000.\0001\000.\000\040\000U\000s\000e\000-\000c\000a\000s\000e\000\040\000l\000e\000\355\000r\000\341\000s\000o\000k}{table.2.4}% 20
\BOOKMARK [2][-]{table.2.9}{\376\377\0002\000.\0004\000.\0002\000.\000\040\000U\000s\000e\000-\000c\000a\000s\000e\000\040\000d\000i\000a\000g\000r\000a\000m}{table.2.4}% 21
\BOOKMARK [1][-]{table.2.9}{\376\377\0002\000.\0005\000.\000\040\000S\000z\000\363\000t\000\341\000r}{Doc-Start}% 22
\BOOKMARK [1][-]{table.2.9}{\376\377\0002\000.\0006\000.\000\040\000P\000r\000o\000j\000e\000k\000t\000\040\000t\000e\000r\000v}{Doc-Start}% 23
\BOOKMARK [2][-]{section*.5}{\376\377\0002\000.\0006\000.\0001\000.\000\040\000H\000a\000t\000\341\000r\000i\000d\001\121\000k}{table.2.9}% 24
\BOOKMARK [2][-]{table.2.10}{\376\377\0002\000.\0006\000.\0002\000.\000\040\000\301\000t\000a\000d\000\341\000s}{table.2.9}% 25
\BOOKMARK [2][-]{table.2.10}{\376\377\0002\000.\0006\000.\0003\000.\000\040\000S\000z\000e\000r\000e\000p\000k\000\366\000r\000\366\000k}{table.2.9}% 26
\BOOKMARK [2][-]{table.2.10}{\376\377\0002\000.\0006\000.\0004\000.\000\040\000F\000e\000l\000h\000a\000s\000z\000n\000\341\000l\000t\000\040\000f\000e\000j\000l\000e\000s\000z\000t\001\121\000e\000s\000z\000k\000\366\000z\000\366\000k}{table.2.9}% 27
\BOOKMARK [1][-]{table.2.10}{\376\377\0002\000.\0007\000.\000\040\000N\000a\000p\000l\000\363}{Doc-Start}% 28
