\BOOKMARK [0][-]{Doc-Start}{\376\377\0003\000\040\000A\000n\000a\000l\000\355\000z\000i\000s\000\040\000m\000o\000d\000e\000l\000l\000\040\000k\000i\000d\000o\000l\000g\000o\000z\000\341\000s\000a\000\040\0001}{}% 1
\BOOKMARK [1][-]{section*.1}{\376\377\0003\000.\0001\000.\000\040\000O\000b\000j\000e\000k\000t\000u\000m\000\040\000k\000a\000t\000a\000l\000\363\000g\000u\000s}{Doc-Start}% 2
\BOOKMARK [2][-]{section*.1}{\376\377\0003\000.\0001\000.\0001\000.\000\040\000A\000k\000a\000d\000\341\000l\000y\000\040\000\050\000O\000b\000s\000t\000a\000c\000l\000e\000\051}{Doc-Start}% 3
\BOOKMARK [2][-]{section*.1}{\376\377\0003\000.\0001\000.\0002\000.\000\040\000E\000l\000l\000e\000n\000s\000\351\000g\000\040\000\050\000E\000n\000e\000m\000y\000\051}{Doc-Start}% 4
\BOOKMARK [2][-]{section*.1}{\376\377\0003\000.\0001\000.\0003\000.\000\040\000G\000e\000m\000S\000t\000a\000t}{Doc-Start}% 5
\BOOKMARK [2][-]{section*.1}{\376\377\0003\000.\0001\000.\0004\000.\000\040\000J\000\341\000t\000\351\000k\000\040\000\050\000G\000a\000m\000e\000\051}{Doc-Start}% 6
\BOOKMARK [2][-]{section*.1}{\376\377\0003\000.\0001\000.\0005\000.\000\040\000K\000r\000i\000s\000t\000\341\000l\000y\000\040\000\050\000G\000e\000m\000\051}{Doc-Start}% 7
\BOOKMARK [2][-]{section*.1}{\376\377\0003\000.\0001\000.\0006\000.\000\040\000L\000\366\000v\000e\000d\000\351\000k\000\040\000\050\000B\000u\000l\000l\000e\000t\000\051}{Doc-Start}% 8
\BOOKMARK [2][-]{section*.1}{\376\377\0003\000.\0001\000.\0007\000.\000\040\000M\000e\000z\001\121\000\040\000\050\000F\000i\000e\000l\000d\000\051}{Doc-Start}% 9
\BOOKMARK [2][-]{section*.1}{\376\377\0003\000.\0001\000.\0008\000.\000\040\000P\000\341\000l\000y\000a\000\040\000\050\000M\000a\000p\000\051}{Doc-Start}% 10
\BOOKMARK [2][-]{section*.1}{\376\377\0003\000.\0001\000.\0009\000.\000\040\000T\000o\000r\000o\000n\000y\000\040\000\050\000T\000o\000w\000e\000r\000\051}{Doc-Start}% 11
\BOOKMARK [2][-]{section*.1}{\376\377\0003\000.\0001\000.\0001\0000\000.\000\040\000\332\000t\000\040\000\050\000P\000a\000t\000h\000\051}{Doc-Start}% 12
\BOOKMARK [1][-]{section*.1}{\376\377\0003\000.\0002\000.\000\040\000S\000t\000a\000t\000i\000k\000u\000s\000\040\000s\000t\000r\000u\000k\000t\000\372\000r\000a\000\040\000d\000i\000a\000g\000r\000a\000m\000o\000k}{Doc-Start}% 13
\BOOKMARK [1][-]{section*.1}{\376\377\0003\000.\0003\000.\000\040\000O\000s\000z\000t\000\341\000l\000y\000o\000k\000\040\000l\000e\000\355\000r\000\341\000s\000a}{Doc-Start}% 14
\BOOKMARK [2][-]{section*.2}{\376\377\0003\000.\0003\000.\0001\000.\000\040\000B\000u\000l\000l\000e\000t}{section*.1}% 15
\BOOKMARK [2][-]{section*.2}{\376\377\0003\000.\0003\000.\0002\000.\000\040\000E\000n\000e\000m\000y}{section*.1}% 16
\BOOKMARK [2][-]{section*.2}{\376\377\0003\000.\0003\000.\0003\000.\000\040\000E\000n\000e\000m\000y\000\040\000s\000u\000b\000c\000l\000a\000s\000s\000e\000s\000:\000\040\000E\000l\000f\000,\000\040\000H\000o\000b\000b\000i\000t\000,\000\040\000D\000w\000a\000r\000f\000,\000\040\000H\000u\000m\000a\000n}{section*.1}% 17
\BOOKMARK [2][-]{section*.2}{\376\377\0003\000.\0003\000.\0004\000.\000\040\000I\000T\000o\000w\000e\000r}{section*.1}% 18
\BOOKMARK [2][-]{section*.2}{\376\377\0003\000.\0003\000.\0005\000.\000\040\000G\000a\000m\000e}{section*.1}% 19
\BOOKMARK [2][-]{section*.2}{\376\377\0003\000.\0003\000.\0006\000.\000\040\000G\000e\000m\000S\000t\000a\000t}{section*.1}% 20
\BOOKMARK [2][-]{section*.2}{\376\377\0003\000.\0003\000.\0007\000.\000\040\000G\000e\000m}{section*.1}% 21
\BOOKMARK [2][-]{section*.2}{\376\377\0003\000.\0003\000.\0008\000.\000\040\000I\000O\000b\000s\000t\000a\000c\000l\000e}{section*.1}% 22
\BOOKMARK [2][-]{section*.2}{\376\377\0003\000.\0003\000.\0009\000.\000\040\000O\000b\000s\000t\000a\000c\000l\000e}{section*.1}% 23
\BOOKMARK [2][-]{section*.2}{\376\377\0003\000.\0003\000.\0001\0000\000.\000\040\000T\000o\000w\000e\000r}{section*.1}% 24
\BOOKMARK [2][-]{section*.2}{\376\377\0003\000.\0003\000.\0001\0001\000.\000\040\000M\000a\000p}{section*.1}% 25
\BOOKMARK [2][-]{section*.2}{\376\377\0003\000.\0003\000.\0001\0002\000.\000\040\000C\000e\000l\000l}{section*.1}% 26
\BOOKMARK [2][-]{section*.2}{\376\377\0003\000.\0003\000.\0001\0003\000.\000\040\000F\000i\000e\000l\000d}{section*.1}% 27
\BOOKMARK [2][-]{section*.2}{\376\377\0003\000.\0003\000.\0001\0004\000.\000\040\000P\000a\000t\000h}{section*.1}% 28
\BOOKMARK [1][-]{section*.2}{\376\377\0003\000.\0004\000.\000\040\000S\000z\000e\000k\000v\000e\000n\000c\000i\000a\000\040\000d\000i\000a\000g\000r\000a\000m\000o\000k}{Doc-Start}% 29
\BOOKMARK [2][-]{section*.3}{\376\377\0003\000.\0004\000.\0001\000.\000\040\000A\000k\000a\000d\000\341\000l\000y\000\040\000e\000l\000h\000e\000l\000y\000e\000z\000\351\000s\000e}{section*.2}% 30
\BOOKMARK [2][-]{section*.3}{\376\377\0003\000.\0004\000.\0002\000.\000\040\000E\000l\000l\000e\000n\000f\000\351\000l\000\040\000m\000o\000z\000g\000\341\000s\000a}{section*.2}% 31
\BOOKMARK [2][-]{section*.3}{\376\377\0003\000.\0004\000.\0003\000.\000\040\000T\000o\000r\000o\000n\000y\000\040\000e\000l\000a\000d\000\341\000s\000a}{section*.2}% 32
\BOOKMARK [2][-]{section*.3}{\376\377\0003\000.\0004\000.\0004\000.\000\040\000T\000o\000r\000o\000n\000y\000\040\000e\000l\000h\000e\000l\000y\000e\000z\000\351\000s\000e}{section*.2}% 33
\BOOKMARK [2][-]{section*.3}{\376\377\0003\000.\0004\000.\0005\000.\000\040\000T\000o\000r\000o\000n\000y\000\040\000f\000e\000j\000l\000e\000s\000z\000t\000\351\000s\000e}{section*.2}% 34
\BOOKMARK [2][-]{section*.3}{\376\377\0003\000.\0004\000.\0006\000.\000\040\000T\000o\000r\000o\000n\000y\000\040\000t\000\374\000z\000e\000l\000\351\000s\000e}{section*.2}% 35
\BOOKMARK [1][-]{section*.3}{\376\377\0003\000.\0005\000.\000\040\000S\000t\000a\000t\000e\000-\000c\000h\000a\000r\000t\000o\000k}{Doc-Start}% 36
\BOOKMARK [2][-]{section*.4}{\376\377\0003\000.\0005\000.\0001\000.\000\040\000F\000i\000e\000l\000d\000\040\000\341\000l\000l\000a\000p\000o\000t\000a}{section*.3}% 37
\BOOKMARK [2][-]{section*.4}{\376\377\0003\000.\0005\000.\0002\000.\000\040\000P\000a\000t\000h\000\040\000\341\000l\000l\000a\000p\000o\000t\000a}{section*.3}% 38
\BOOKMARK [1][-]{section*.4}{\376\377\0003\000.\0006\000.\000\040\000N\000a\000p\000l\000\363}{Doc-Start}% 39
