\BOOKMARK [0][-]{chapter*.2}{\376\377\0002\000\040\000K\000\366\000v\000e\000t\000e\000l\000m\000\351\000n\000y\000,\000\040\000p\000r\000o\000j\000e\000k\000t\000,\000\040\000f\000u\000n\000k\000c\000i\000o\000n\000a\000l\000i\000t\000\341\000s}{}% 1
\BOOKMARK [1][-]{section*.3}{\376\377\0002\000.\0001\000.\000\040\000B\000e\000v\000e\000z\000e\000t\000\351\000s}{chapter*.2}% 2
\BOOKMARK [2][-]{section*.3}{\376\377\0002\000.\0001\000.\0001\000.\000\040\000C\000\351\000l}{chapter*.2}% 3
\BOOKMARK [2][-]{section*.3}{\376\377\0002\000.\0001\000.\0002\000.\000\040\000S\000z\000a\000k\000t\000e\000r\000\374\000l\000e\000t}{chapter*.2}% 4
\BOOKMARK [2][-]{section*.3}{\376\377\0002\000.\0001\000.\0003\000.\000\040\000D\000e\000f\000i\000n\000\355\000c\000i\000\363\000k\000,\000\040\000r\000\366\000v\000i\000d\000\355\000t\000\351\000s\000e\000k}{chapter*.2}% 5
\BOOKMARK [2][-]{section*.3}{\376\377\0002\000.\0001\000.\0004\000.\000\040\000H\000i\000v\000a\000t\000k\000o\000z\000\341\000s\000o\000k}{chapter*.2}% 6
\BOOKMARK [2][-]{section*.3}{\376\377\0002\000.\0001\000.\0005\000.\000\040\000\326\000s\000s\000z\000e\000f\000o\000g\000l\000a\000l\000\341\000s}{chapter*.2}% 7
\BOOKMARK [1][-]{section*.3}{\376\377\0002\000.\0002\000.\000\040\000\301\000t\000t\000e\000k\000i\000n\000t\000\351\000s}{chapter*.2}% 8
\BOOKMARK [2][-]{section*.4}{\376\377\0002\000.\0002\000.\0001\000.\000\040\000\301\000l\000t\000a\000l\000\341\000n\000o\000s\000\040\000\341\000t\000t\000e\000k\000i\000n\000t\000\351\000s}{section*.3}% 9
\BOOKMARK [2][-]{section*.4}{\376\377\0002\000.\0002\000.\0002\000.\000\040\000F\000u\000n\000k\000c\000i\000\363\000k}{section*.3}% 10
\BOOKMARK [2][-]{section*.4}{\376\377\0002\000.\0002\000.\0003\000.\000\040\000F\000e\000l\000h\000a\000s\000z\000n\000\341\000l\000\363\000k}{section*.3}% 11
\BOOKMARK [2][-]{section*.4}{\376\377\0002\000.\0002\000.\0004\000.\000\040\000K\000o\000r\000l\000\341\000t\000o\000z\000\341\000s\000o\000k}{section*.3}% 12
\BOOKMARK [2][-]{section*.4}{\376\377\0002\000.\0002\000.\0005\000.\000\040\000F\000e\000l\000t\000\351\000t\000e\000l\000e\000z\000\351\000s\000e\000k\000,\000\040\000k\000a\000p\000c\000s\000o\000l\000a\000t\000o\000k}{section*.3}% 13
\BOOKMARK [1][-]{section*.4}{\376\377\0002\000.\0003\000.\000\040\000K\000\366\000v\000e\000t\000e\000l\000m\000\351\000n\000y\000e\000k}{chapter*.2}% 14
\BOOKMARK [2][-]{section*.5}{\376\377\0002\000.\0003\000.\0001\000.\000\040\000F\000u\000n\000k\000c\000i\000o\000n\000\341\000l\000i\000s\000\040\000k\000\366\000v\000e\000t\000e\000l\000m\000\351\000n\000y\000e\000k}{section*.4}% 15
\BOOKMARK [2][-]{table.2.1}{\376\377\0002\000.\0003\000.\0002\000.\000\040\000E\000r\001\121\000f\000o\000r\000r\000\341\000s\000o\000k\000k\000a\000l\000\040\000k\000a\000p\000c\000s\000o\000l\000a\000t\000o\000s\000\040\000k\000\366\000v\000e\000t\000e\000l\000m\000\351\000n\000y\000e\000k}{section*.4}% 16
\BOOKMARK [2][-]{table.2.2}{\376\377\0002\000.\0003\000.\0003\000.\000\040\000\301\000t\000a\000d\000\341\000s\000s\000a\000l\000\040\000k\000a\000p\000c\000s\000o\000l\000a\000t\000o\000s\000\040\000k\000\366\000v\000e\000t\000e\000l\000m\000\351\000n\000y\000e\000k}{section*.4}% 17
\BOOKMARK [2][-]{table.2.3}{\376\377\0002\000.\0003\000.\0004\000.\000\040\000E\000g\000y\000\351\000b\000\040\000n\000e\000m\000\040\000f\000u\000n\000k\000c\000i\000o\000n\000\341\000l\000i\000s\000\040\000k\000\366\000v\000e\000t\000e\000l\000m\000\351\000n\000y\000e\000k}{section*.4}% 18
\BOOKMARK [1][-]{table.2.4}{\376\377\0002\000.\0004\000.\000\040\000L\000\351\000n\000y\000e\000g\000e\000s\000\040\000u\000s\000e\000-\000c\000a\000s\000e\000-\000e\000k}{chapter*.2}% 19
\BOOKMARK [2][-]{section*.6}{\376\377\0002\000.\0004\000.\0001\000.\000\040\000U\000s\000e\000-\000c\000a\000s\000e\000\040\000l\000e\000\355\000r\000\341\000s\000o\000k}{table.2.4}% 20
\BOOKMARK [2][-]{table.2.9}{\376\377\0002\000.\0004\000.\0002\000.\000\040\000U\000s\000e\000-\000c\000a\000s\000e\000\040\000d\000i\000a\000g\000r\000a\000m}{table.2.4}% 21
\BOOKMARK [1][-]{table.2.9}{\376\377\0002\000.\0005\000.\000\040\000S\000z\000\363\000t\000\341\000r}{chapter*.2}% 22
\BOOKMARK [1][-]{table.2.9}{\376\377\0002\000.\0006\000.\000\040\000P\000r\000o\000j\000e\000k\000t\000\040\000t\000e\000r\000v}{chapter*.2}% 23
\BOOKMARK [2][-]{section*.7}{\376\377\0002\000.\0006\000.\0001\000.\000\040\000H\000a\000t\000\341\000r\000i\000d\001\121\000k}{table.2.9}% 24
\BOOKMARK [2][-]{table.2.10}{\376\377\0002\000.\0006\000.\0002\000.\000\040\000\301\000t\000a\000d\000\341\000s}{table.2.9}% 25
\BOOKMARK [2][-]{table.2.10}{\376\377\0002\000.\0006\000.\0003\000.\000\040\000S\000z\000e\000r\000e\000p\000k\000\366\000r\000\366\000k}{table.2.9}% 26
\BOOKMARK [2][-]{table.2.10}{\376\377\0002\000.\0006\000.\0004\000.\000\040\000F\000e\000l\000h\000a\000s\000z\000n\000\341\000l\000t\000\040\000f\000e\000j\000l\000e\000s\000z\000t\001\121\000e\000s\000z\000k\000\366\000z\000\366\000k}{table.2.9}% 27
\BOOKMARK [1][-]{table.2.10}{\376\377\0002\000.\0007\000.\000\040\000N\000a\000p\000l\000\363}{chapter*.2}% 28
\BOOKMARK [0][-]{table.2.11}{\376\377\0003\000\040\000A\000n\000a\000l\000\355\000z\000i\000s\000\040\000m\000o\000d\000e\000l\000l\000\040\000k\000i\000d\000o\000l\000g\000o\000z\000\341\000s\000a\000\040\0001}{}% 29
\BOOKMARK [1][-]{section*.8}{\376\377\0003\000.\0001\000.\000\040\000O\000b\000j\000e\000k\000t\000u\000m\000\040\000k\000a\000t\000a\000l\000\363\000g\000u\000s}{table.2.11}% 30
\BOOKMARK [2][-]{section*.8}{\376\377\0003\000.\0001\000.\0001\000.\000\040\000A\000k\000a\000d\000\341\000l\000y\000\040\000\050\000O\000b\000s\000t\000a\000c\000l\000e\000\051}{table.2.11}% 31
\BOOKMARK [2][-]{section*.8}{\376\377\0003\000.\0001\000.\0002\000.\000\040\000E\000l\000l\000e\000n\000s\000\351\000g\000\040\000\050\000E\000n\000e\000m\000y\000\051}{table.2.11}% 32
\BOOKMARK [2][-]{section*.8}{\376\377\0003\000.\0001\000.\0003\000.\000\040\000G\000e\000m\000S\000t\000a\000t}{table.2.11}% 33
\BOOKMARK [2][-]{section*.8}{\376\377\0003\000.\0001\000.\0004\000.\000\040\000J\000\341\000t\000\351\000k\000\040\000\050\000G\000a\000m\000e\000\051}{table.2.11}% 34
\BOOKMARK [2][-]{section*.8}{\376\377\0003\000.\0001\000.\0005\000.\000\040\000K\000r\000i\000s\000t\000\341\000l\000y\000\040\000\050\000G\000e\000m\000\051}{table.2.11}% 35
\BOOKMARK [2][-]{section*.8}{\376\377\0003\000.\0001\000.\0006\000.\000\040\000L\000\366\000v\000e\000d\000\351\000k\000\040\000\050\000B\000u\000l\000l\000e\000t\000\051}{table.2.11}% 36
\BOOKMARK [2][-]{section*.8}{\376\377\0003\000.\0001\000.\0007\000.\000\040\000M\000e\000z\001\121\000\040\000\050\000F\000i\000e\000l\000d\000\051}{table.2.11}% 37
\BOOKMARK [2][-]{section*.8}{\376\377\0003\000.\0001\000.\0008\000.\000\040\000P\000\341\000l\000y\000a\000\040\000\050\000M\000a\000p\000\051}{table.2.11}% 38
\BOOKMARK [2][-]{section*.8}{\376\377\0003\000.\0001\000.\0009\000.\000\040\000T\000o\000r\000o\000n\000y\000\040\000\050\000T\000o\000w\000e\000r\000\051}{table.2.11}% 39
\BOOKMARK [2][-]{section*.8}{\376\377\0003\000.\0001\000.\0001\0000\000.\000\040\000\332\000t\000\040\000\050\000P\000a\000t\000h\000\051}{table.2.11}% 40
\BOOKMARK [1][-]{section*.8}{\376\377\0003\000.\0002\000.\000\040\000S\000t\000a\000t\000i\000k\000u\000s\000\040\000s\000t\000r\000u\000k\000t\000\372\000r\000a\000\040\000d\000i\000a\000g\000r\000a\000m\000o\000k}{table.2.11}% 41
\BOOKMARK [1][-]{section*.8}{\376\377\0003\000.\0003\000.\000\040\000O\000s\000z\000t\000\341\000l\000y\000o\000k\000\040\000l\000e\000\355\000r\000\341\000s\000a}{table.2.11}% 42
\BOOKMARK [2][-]{section*.9}{\376\377\0003\000.\0003\000.\0001\000.\000\040\000B\000u\000l\000l\000e\000t}{section*.8}% 43
\BOOKMARK [2][-]{section*.9}{\376\377\0003\000.\0003\000.\0002\000.\000\040\000E\000n\000e\000m\000y}{section*.8}% 44
\BOOKMARK [2][-]{section*.9}{\376\377\0003\000.\0003\000.\0003\000.\000\040\000E\000n\000e\000m\000y\000\040\000s\000u\000b\000c\000l\000a\000s\000s\000e\000s\000:\000\040\000E\000l\000f\000,\000\040\000H\000o\000b\000b\000i\000t\000,\000\040\000D\000w\000a\000r\000f\000,\000\040\000H\000u\000m\000a\000n}{section*.8}% 45
\BOOKMARK [2][-]{section*.9}{\376\377\0003\000.\0003\000.\0004\000.\000\040\000I\000T\000o\000w\000e\000r}{section*.8}% 46
\BOOKMARK [2][-]{section*.9}{\376\377\0003\000.\0003\000.\0005\000.\000\040\000G\000a\000m\000e}{section*.8}% 47
\BOOKMARK [2][-]{section*.9}{\376\377\0003\000.\0003\000.\0006\000.\000\040\000G\000e\000m\000S\000t\000a\000t}{section*.8}% 48
\BOOKMARK [2][-]{section*.9}{\376\377\0003\000.\0003\000.\0007\000.\000\040\000G\000e\000m}{section*.8}% 49
\BOOKMARK [2][-]{section*.9}{\376\377\0003\000.\0003\000.\0008\000.\000\040\000I\000O\000b\000s\000t\000a\000c\000l\000e}{section*.8}% 50
\BOOKMARK [2][-]{section*.9}{\376\377\0003\000.\0003\000.\0009\000.\000\040\000O\000b\000s\000t\000a\000c\000l\000e}{section*.8}% 51
\BOOKMARK [2][-]{section*.9}{\376\377\0003\000.\0003\000.\0001\0000\000.\000\040\000T\000o\000w\000e\000r}{section*.8}% 52
\BOOKMARK [2][-]{section*.9}{\376\377\0003\000.\0003\000.\0001\0001\000.\000\040\000M\000a\000p}{section*.8}% 53
\BOOKMARK [2][-]{section*.9}{\376\377\0003\000.\0003\000.\0001\0002\000.\000\040\000C\000e\000l\000l}{section*.8}% 54
\BOOKMARK [2][-]{section*.9}{\376\377\0003\000.\0003\000.\0001\0003\000.\000\040\000F\000i\000e\000l\000d}{section*.8}% 55
\BOOKMARK [2][-]{section*.9}{\376\377\0003\000.\0003\000.\0001\0004\000.\000\040\000P\000a\000t\000h}{section*.8}% 56
\BOOKMARK [1][-]{section*.9}{\376\377\0003\000.\0004\000.\000\040\000S\000z\000e\000k\000v\000e\000n\000c\000i\000a\000\040\000d\000i\000a\000g\000r\000a\000m\000o\000k}{table.2.11}% 57
\BOOKMARK [2][-]{section*.10}{\376\377\0003\000.\0004\000.\0001\000.\000\040\000A\000k\000a\000d\000\341\000l\000y\000\040\000e\000l\000h\000e\000l\000y\000e\000z\000\351\000s\000e}{section*.9}% 58
\BOOKMARK [2][-]{section*.10}{\376\377\0003\000.\0004\000.\0002\000.\000\040\000E\000l\000l\000e\000n\000f\000\351\000l\000\040\000m\000o\000z\000g\000\341\000s\000a}{section*.9}% 59
\BOOKMARK [2][-]{section*.10}{\376\377\0003\000.\0004\000.\0003\000.\000\040\000T\000o\000r\000o\000n\000y\000\040\000e\000l\000a\000d\000\341\000s\000a}{section*.9}% 60
\BOOKMARK [2][-]{section*.10}{\376\377\0003\000.\0004\000.\0004\000.\000\040\000T\000o\000r\000o\000n\000y\000\040\000e\000l\000h\000e\000l\000y\000e\000z\000\351\000s\000e}{section*.9}% 61
\BOOKMARK [2][-]{section*.10}{\376\377\0003\000.\0004\000.\0005\000.\000\040\000T\000o\000r\000o\000n\000y\000\040\000f\000e\000j\000l\000e\000s\000z\000t\000\351\000s\000e}{section*.9}% 62
\BOOKMARK [2][-]{section*.10}{\376\377\0003\000.\0004\000.\0006\000.\000\040\000T\000o\000r\000o\000n\000y\000\040\000t\000\374\000z\000e\000l\000\351\000s\000e}{section*.9}% 63
\BOOKMARK [1][-]{section*.10}{\376\377\0003\000.\0005\000.\000\040\000S\000t\000a\000t\000e\000-\000c\000h\000a\000r\000t\000o\000k}{table.2.11}% 64
\BOOKMARK [2][-]{section*.11}{\376\377\0003\000.\0005\000.\0001\000.\000\040\000F\000i\000e\000l\000d\000\040\000\341\000l\000l\000a\000p\000o\000t\000a}{section*.10}% 65
\BOOKMARK [2][-]{section*.11}{\376\377\0003\000.\0005\000.\0002\000.\000\040\000P\000a\000t\000h\000\040\000\341\000l\000l\000a\000p\000o\000t\000a}{section*.10}% 66
\BOOKMARK [1][-]{section*.11}{\376\377\0003\000.\0006\000.\000\040\000N\000a\000p\000l\000\363}{table.2.11}% 67
\BOOKMARK [0][-]{table.3.1}{\376\377\0004\000\040\000A\000n\000a\000l\000\355\000z\000i\000s\000\040\000m\000o\000d\000e\000l\000l\000\040\000k\000i\000d\000o\000l\000g\000o\000z\000\341\000s\000a\000\040\0002}{}% 68
\BOOKMARK [1][-]{section*.12}{\376\377\0004\000.\0001\000.\000\040\000O\000b\000j\000e\000k\000t\000u\000m\000\040\000k\000a\000t\000a\000l\000\363\000g\000u\000s}{table.3.1}% 69
\BOOKMARK [2][-]{section*.12}{\376\377\0004\000.\0001\000.\0001\000.\000\040\000A\000k\000a\000d\000\341\000l\000y\000\040\000\050\000O\000b\000s\000t\000a\000c\000l\000e\000\051}{table.3.1}% 70
\BOOKMARK [2][-]{section*.12}{\376\377\0004\000.\0001\000.\0002\000.\000\040\000E\000l\000l\000e\000n\000s\000\351\000g\000\040\000\050\000E\000n\000e\000m\000y\000\051}{table.3.1}% 71
\BOOKMARK [2][-]{section*.12}{\376\377\0004\000.\0001\000.\0003\000.\000\040\000J\000\341\000t\000\351\000k\000\040\000\050\000G\000a\000m\000e\000\051}{table.3.1}% 72
\BOOKMARK [2][-]{section*.12}{\376\377\0004\000.\0001\000.\0004\000.\000\040\000K\000r\000i\000s\000t\000\341\000l\000y\000\040\000\050\000G\000e\000m\000\051}{table.3.1}% 73
\BOOKMARK [2][-]{section*.12}{\376\377\0004\000.\0001\000.\0005\000.\000\040\000L\000\366\000v\000e\000d\000\351\000k\000\040\000\050\000B\000u\000l\000l\000e\000t\000\051}{table.3.1}% 74
\BOOKMARK [2][-]{section*.12}{\376\377\0004\000.\0001\000.\0006\000.\000\040\000M\000e\000z\001\121\000\040\000\050\000F\000i\000e\000l\000d\000\051}{table.3.1}% 75
\BOOKMARK [2][-]{section*.12}{\376\377\0004\000.\0001\000.\0007\000.\000\040\000P\000\341\000l\000y\000a\000\040\000\050\000M\000a\000p\000\051}{table.3.1}% 76
\BOOKMARK [2][-]{section*.12}{\376\377\0004\000.\0001\000.\0008\000.\000\040\000T\000o\000r\000o\000n\000y\000\040\000\050\000T\000o\000w\000e\000r\000\051}{table.3.1}% 77
\BOOKMARK [2][-]{section*.12}{\376\377\0004\000.\0001\000.\0009\000.\000\040\000\332\000t\000\040\000\050\000P\000a\000t\000h\000\051}{table.3.1}% 78
\BOOKMARK [2][-]{section*.12}{\376\377\0004\000.\0001\000.\0001\0000\000.\000\040\000O\000b\000s\000t\000a\000c\000l\000e\000h\000e\000z\000\040\000t\000a\000r\000t\000o\000z\000\363\000\040\000k\000r\000i\000s\000t\000\341\000l\000y\000o\000k\000:\000\040\000I\000n\000t\000e\000n\000s\000i\000t\000y\000,\000\040\000R\000e\000p\000a\000i\000r}{table.3.1}% 79
\BOOKMARK [2][-]{section*.12}{\376\377\0004\000.\0001\000.\0001\0001\000.\000\040\000T\000o\000w\000e\000r\000h\000e\000z\000\040\000t\000a\000r\000t\000o\000z\000\363\000\040\000k\000r\000s\000i\000t\000\341\000l\000y\000o\000k\000:\000\040\000R\000a\000n\000g\000e\000,\000\040\000S\000p\000e\000e\000d\000,\000\040\000D\000a\000m\000a\000g\000e\000,\000\040\000E\000n\000e\000m\000y\000T\000y\000p\000e}{table.3.1}% 80
\BOOKMARK [1][-]{section*.12}{\376\377\0004\000.\0002\000.\000\040\000S\000t\000a\000t\000i\000k\000u\000s\000\040\000s\000t\000r\000u\000k\000t\000\372\000r\000a\000\040\000d\000i\000a\000g\000r\000a\000m\000o\000k}{table.3.1}% 81
\BOOKMARK [1][-]{section*.12}{\376\377\0004\000.\0003\000.\000\040\000O\000s\000z\000t\000\341\000l\000y\000o\000k\000\040\000l\000e\000\355\000r\000\341\000s\000a}{table.3.1}% 82
\BOOKMARK [2][-]{section*.13}{\376\377\0004\000.\0003\000.\0001\000.\000\040\000B\000u\000l\000l\000e\000t}{section*.12}% 83
\BOOKMARK [2][-]{section*.13}{\376\377\0004\000.\0003\000.\0002\000.\000\040\000E\000n\000e\000m\000y}{section*.12}% 84
\BOOKMARK [2][-]{section*.13}{\376\377\0004\000.\0003\000.\0003\000.\000\040\000E\000n\000e\000m\000y\000\040\000s\000u\000b\000c\000l\000a\000s\000s\000e\000s\000:\000\040\000E\000l\000f\000,\000\040\000H\000o\000b\000b\000i\000t\000,\000\040\000D\000w\000a\000r\000f\000,\000\040\000H\000u\000m\000a\000n}{section*.12}% 85
\BOOKMARK [2][-]{section*.13}{\376\377\0004\000.\0003\000.\0004\000.\000\040\000G\000a\000m\000e}{section*.12}% 86
\BOOKMARK [2][-]{section*.13}{\376\377\0004\000.\0003\000.\0005\000.\000\040\000C\000o\000n\000t\000r\000o\000l\000l\000e\000r}{section*.12}% 87
\BOOKMARK [2][-]{section*.13}{\376\377\0004\000.\0003\000.\0006\000.\000\040\000I\000G\000a\000m\000e}{section*.12}% 88
\BOOKMARK [2][-]{section*.13}{\376\377\0004\000.\0003\000.\0007\000.\000\040\000G\000e\000m}{section*.12}% 89
\BOOKMARK [2][-]{section*.13}{\376\377\0004\000.\0003\000.\0008\000.\000\040\000I\000O\000b\000s\000t\000a\000c\000l\000e}{section*.12}% 90
\BOOKMARK [2][-]{section*.13}{\376\377\0004\000.\0003\000.\0009\000.\000\040\000O\000b\000s\000t\000a\000c\000l\000e}{section*.12}% 91
\BOOKMARK [2][-]{section*.13}{\376\377\0004\000.\0003\000.\0001\0000\000.\000\040\000I\000T\000o\000w\000e\000r}{section*.12}% 92
\BOOKMARK [2][-]{section*.13}{\376\377\0004\000.\0003\000.\0001\0001\000.\000\040\000T\000o\000w\000e\000r}{section*.12}% 93
\BOOKMARK [2][-]{section*.13}{\376\377\0004\000.\0003\000.\0001\0002\000.\000\040\000M\000a\000p}{section*.12}% 94
\BOOKMARK [2][-]{section*.13}{\376\377\0004\000.\0003\000.\0001\0003\000.\000\040\000C\000e\000l\000l}{section*.12}% 95
\BOOKMARK [2][-]{section*.13}{\376\377\0004\000.\0003\000.\0001\0004\000.\000\040\000F\000i\000e\000l\000d}{section*.12}% 96
\BOOKMARK [2][-]{section*.13}{\376\377\0004\000.\0003\000.\0001\0005\000.\000\040\000P\000a\000t\000h}{section*.12}% 97
\BOOKMARK [2][-]{section*.13}{\376\377\0004\000.\0003\000.\0001\0006\000.\000\040\000T\000o\000w\000e\000r\000h\000e\000z\000\040\000t\000a\000r\000t\000o\000z\000\363\000\040\000k\000r\000s\000i\000t\000\341\000l\000y\000o\000k\000:\000\040\000R\000a\000n\000g\000e\000,\000\040\000S\000p\000e\000e\000d\000,\000\040\000D\000a\000m\000a\000g\000e\000,\000\040\000E\000n\000e\000m\000y\000T\000y\000p\000e}{section*.12}% 98
\BOOKMARK [2][-]{section*.13}{\376\377\0004\000.\0003\000.\0001\0007\000.\000\040\000O\000b\000s\000t\000a\000c\000l\000e\000h\000e\000z\000\040\000t\000a\000r\000t\000o\000z\000\363\000\040\000k\000r\000i\000s\000t\000\341\000l\000y\000o\000k\000:\000\040\000I\000n\000t\000e\000n\000s\000i\000t\000y\000,\000\040\000R\000e\000p\000a\000i\000r}{section*.12}% 99
\BOOKMARK [2][-]{section*.13}{\376\377\0004\000.\0003\000.\0001\0008\000.\000\040\000I\000O\000G\000e\000m}{section*.12}% 100
\BOOKMARK [2][-]{section*.13}{\376\377\0004\000.\0003\000.\0001\0009\000.\000\040\000I\000T\000G\000e\000m}{section*.12}% 101
\BOOKMARK [2][-]{section*.13}{\376\377\0004\000.\0003\000.\0002\0000\000.\000\040\000I\000F\000i\000e\000l\000d\000P\000l\000a\000c\000e\000a\000b\000l\000e}{section*.12}% 102
\BOOKMARK [2][-]{section*.13}{\376\377\0004\000.\0003\000.\0002\0001\000.\000\040\000I\000P\000a\000t\000h\000P\000l\000a\000c\000e\000a\000b\000l\000e}{section*.12}% 103
\BOOKMARK [1][-]{section*.13}{\376\377\0004\000.\0004\000.\000\040\000S\000z\000e\000k\000v\000e\000n\000c\000i\000a\000\040\000d\000i\000a\000g\000r\000a\000m\000o\000k}{table.3.1}% 104
\BOOKMARK [2][-]{section*.14}{\376\377\0004\000.\0004\000.\0001\000.\000\040\000A\000k\000a\000d\000\341\000l\000y\000\040\000e\000l\000h\000e\000l\000y\000e\000z\000\351\000s\000e}{section*.13}% 105
\BOOKMARK [2][-]{section*.14}{\376\377\0004\000.\0004\000.\0002\000.\000\040\000E\000l\000l\000e\000n\000f\000\351\000l\000\040\000m\000o\000z\000g\000\341\000s\000a}{section*.13}% 106
\BOOKMARK [2][-]{section*.14}{\376\377\0004\000.\0004\000.\0003\000.\000\040\000T\000o\000r\000o\000n\000y\000\040\000e\000l\000a\000d\000\341\000s\000a}{section*.13}% 107
\BOOKMARK [2][-]{section*.14}{\376\377\0004\000.\0004\000.\0004\000.\000\040\000T\000o\000r\000o\000n\000y\000\040\000e\000l\000h\000e\000l\000y\000e\000z\000\351\000s\000e}{section*.13}% 108
\BOOKMARK [2][-]{section*.14}{\376\377\0004\000.\0004\000.\0005\000.\000\040\000T\000o\000r\000o\000n\000y\000\040\000f\000e\000j\000l\000e\000s\000z\000t\000\351\000s\000e}{section*.13}% 109
\BOOKMARK [2][-]{section*.14}{\376\377\0004\000.\0004\000.\0006\000.\000\040\000T\000o\000r\000o\000n\000y\000\040\000t\000\374\000z\000e\000l\000\351\000s\000e}{section*.13}% 110
\BOOKMARK [2][-]{section*.14}{\376\377\0004\000.\0004\000.\0007\000.\000\040\000I\000n\000i\000c\000i\000a\000l\000i\000z\000\341\000l\000\341\000s}{section*.13}% 111
\BOOKMARK [2][-]{section*.14}{\376\377\0004\000.\0004\000.\0008\000.\000\040\000J\000\341\000t\000\351\000k\000\040\000m\000e\000n\000e\000t\000e}{section*.13}% 112
\BOOKMARK [1][-]{section*.14}{\376\377\0004\000.\0005\000.\000\040\000S\000t\000a\000t\000e\000-\000c\000h\000a\000r\000t\000o\000k}{table.3.1}% 113
\BOOKMARK [1][-]{section*.14}{\376\377\0004\000.\0006\000.\000\040\000N\000a\000p\000l\000\363}{table.3.1}% 114
\BOOKMARK [0][-]{table.4.1}{\376\377\0005\000\040\000S\000z\000k\000e\000l\000e\000t\000o\000n\000\040\000t\000e\000r\000v\000e\000z\000\351\000s\000e}{}% 115
\BOOKMARK [1][-]{section*.15}{\376\377\0005\000.\0001\000.\000\040\000A\000\040\000s\000z\000k\000e\000l\000e\000t\000o\000n\000\040\000m\000o\000d\000e\000l\000l\000\040\000v\000a\000l\000\363\000s\000\341\000g\000o\000s\000\040\000u\000s\000e\000-\000c\000a\000s\000e\000-\000e\000i}{table.4.1}% 116
\BOOKMARK [2][-]{section*.15}{\376\377\0005\000.\0001\000.\0001\000.\000\040\000U\000s\000e\000-\000c\000a\000s\000e\000\040\000d\000i\000a\000g\000r\000a\000m}{table.4.1}% 117
\BOOKMARK [2][-]{section*.15}{\376\377\0005\000.\0001\000.\0002\000.\000\040\000U\000s\000e\000-\000c\000a\000s\000e\000\040\000l\000e\000\355\000r\000\341\000s\000o\000k}{table.4.1}% 118
\BOOKMARK [1][-]{table.5.14}{\376\377\0005\000.\0002\000.\000\040\000A\000\040\000s\000z\000k\000e\000l\000e\000t\000o\000n\000\040\000k\000e\000z\000e\000l\001\121\000i\000\040\000f\000e\000l\000\374\000l\000e\000t\000\351\000n\000e\000k\000\040\000t\000e\000r\000v\000e\000,\000\040\000d\000i\000a\000l\000\363\000g\000u\000s\000o\000k}{table.4.1}% 119
\BOOKMARK [2][-]{section*.16}{\376\377\0005\000.\0002\000.\0001\000.\000\040\000K\000e\000z\000e\000l\001\121\000f\000e\000l\000\374\000l\000e\000t}{table.5.14}% 120
\BOOKMARK [2][-]{section*.16}{\376\377\0005\000.\0002\000.\0002\000.\000\040\000T\000e\000s\000z\000t\000e\000s\000e\000t\000e\000k}{table.5.14}% 121
\BOOKMARK [1][-]{table.5.28}{\376\377\0005\000.\0003\000.\000\040\000S\000z\000e\000k\000v\000e\000n\000c\000i\000a\000\040\000d\000i\000a\000g\000r\000a\000m\000o\000k\000\040\000a\000\040\000b\000e\000l\000s\001\121\000\040\000m\001\161\000k\000\366\000d\000\351\000s\000r\000e}{table.4.1}% 122
\BOOKMARK [2][-]{section*.17}{\376\377\0005\000.\0003\000.\0001\000.\000\040\0001\000.\000\040\000A\000k\000a\000d\000\341\000l\000y\000\040\000e\000l\000h\000e\000l\000y\000e\000z\000\351\000s\000e\000\040\000e\000l\000l\000e\000n\000s\000\351\000g\000\040\000\341\000l\000t\000a\000l\000\040\000f\000o\000g\000l\000a\000l\000t\000\040\000\372\000t\000r\000a}{table.5.28}% 123
\BOOKMARK [2][-]{section*.17}{\376\377\0005\000.\0003\000.\0002\000.\000\040\0002\000.\000\040\000A\000k\000a\000d\000\341\000l\000y\000\040\000e\000l\000h\000e\000l\000y\000e\000z\000\351\000s\000e\000\040\000m\000\341\000s\000i\000k\000\040\000a\000k\000a\000d\000\341\000l\000y\000\040\000\341\000l\000t\000a\000l\000\040\000f\000o\000g\000l\000a\000l\000t\000\040\000\372\000t\000r\000a}{table.5.28}% 124
\BOOKMARK [2][-]{section*.17}{\376\377\0005\000.\0003\000.\0003\000.\000\040\0003\000.\000\040\000A\000k\000a\000d\000\341\000l\000y\000\040\000e\000l\000h\000e\000l\000y\000e\000z\000\351\000s\000e\000\040\000\374\000r\000e\000s\000\040\000\372\000t\000r\000a}{table.5.28}% 125
\BOOKMARK [2][-]{section*.17}{\376\377\0005\000.\0003\000.\0004\000.\000\040\0004\000.\000\040\000A\000k\000a\000d\000\341\000l\000y\000\040\000f\000e\000j\000l\000e\000s\000z\000t\000\351\000s\000e}{table.5.28}% 126
\BOOKMARK [2][-]{section*.17}{\376\377\0005\000.\0003\000.\0005\000.\000\040\0005\000.\000\040\000E\000l\000l\000e\000n\000f\000\351\000l\000\040\000m\000o\000z\000g\000\341\000s\000a}{table.5.28}% 127
\BOOKMARK [2][-]{section*.17}{\376\377\0005\000.\0003\000.\0006\000.\000\040\0006\000.\000\040\000F\000e\000j\000l\000e\000s\000z\000t\000e\000t\000l\000e\000n\000\040\000t\000o\000r\000o\000n\000y\000\040\000e\000l\000a\000d\000\341\000s\000a}{table.5.28}% 128
\BOOKMARK [2][-]{section*.17}{\376\377\0005\000.\0003\000.\0007\000.\000\040\0007\000.\000\040\000F\000e\000j\000l\000e\000s\000z\000t\000e\000t\000t\000\040\000t\000o\000r\000o\000n\000y\000\040\000e\000l\000a\000d\000\341\000s\000a}{table.5.28}% 129
\BOOKMARK [2][-]{section*.17}{\376\377\0005\000.\0003\000.\0008\000.\000\040\0008\000.\000\040\000I\000n\000i\000c\000i\000a\000l\000i\000z\000\341\000l\000\341\000s}{table.5.28}% 130
\BOOKMARK [2][-]{section*.17}{\376\377\0005\000.\0003\000.\0009\000.\000\040\0009\000.\000\040\000T\000o\000r\000o\000n\000y\000\040\000e\000l\000h\000e\000l\000y\000e\000z\000\351\000s\000e\000\040\000f\000o\000g\000l\000a\000l\000t\000\040\000m\000e\000z\001\121\000r\000e}{table.5.28}% 131
\BOOKMARK [2][-]{section*.17}{\376\377\0005\000.\0003\000.\0001\0000\000.\000\040\0001\0000\000.\000\040\000T\000o\000r\000o\000n\000y\000\040\000e\000l\000h\000e\000l\000y\000e\000z\000\351\000s\000e\000\040\000\374\000r\000e\000s\000\040\000m\000e\000z\001\121\000r\000e}{table.5.28}% 132
\BOOKMARK [2][-]{section*.17}{\376\377\0005\000.\0003\000.\0001\0001\000.\000\040\0001\0001\000.\000\040\000T\000o\000r\000o\000n\000y\000\040\000f\000e\000j\000l\000e\000s\000z\000t\000\351\000s\000e\000\040\000m\000i\000n\000d\000e\000n\000\040\000g\000e\000m\000b\001\121\000l\000\040\000e\000g\000g\000y\000e\000l}{table.5.28}% 133
\BOOKMARK [2][-]{section*.17}{\376\377\0005\000.\0003\000.\0001\0002\000.\000\040\0001\0002\000.\000\040\000T\000o\000r\000o\000n\000y\000\040\000h\000a\000t\000\363\000k\000\366\000r\000\351\000b\000e\000n\000\040\000n\000i\000n\000c\000s\000\040\000e\000l\000l\000e\000n\000s\000\351\000g\000\040\000t\000\374\000z\000e\000l\000\351\000s\000k\000o\000r}{table.5.28}% 134
\BOOKMARK [2][-]{section*.17}{\376\377\0005\000.\0003\000.\0001\0003\000.\000\040\0001\0003\000.\000\040\000T\000o\000r\000o\000n\000y\000\040\000l\000e\000l\001\121\000\040\000e\000g\000y\000\040\000e\000l\000l\000e\000n\000s\000\351\000g\000e\000t\000\040\000f\000e\000j\000l\000e\000s\000z\000t\000e\000t\000l\000e\000n\000\374\000l}{table.5.28}% 135
\BOOKMARK [2][-]{section*.17}{\376\377\0005\000.\0003\000.\0001\0004\000.\000\040\0001\0004\000.\000\040\000T\000o\000r\000o\000n\000y\000\040\000t\000\374\000z\000e\000l\000\040\000e\000g\000y\000\040\000e\000l\000l\000e\000n\000s\000\351\000g\000r\000e\000\040\000f\000e\000j\000l\000e\000s\000z\000t\000e\000t\000l\000e\000n\000\374\000l}{table.5.28}% 136
\BOOKMARK [1][-]{section*.17}{\376\377\0005\000.\0004\000.\000\040\000K\000o\000m\000m\000u\000n\000i\000k\000\341\000c\000i\000\363\000s\000\040\000d\000i\000a\000g\000r\000a\000m\000o\000k}{table.4.1}% 137
\BOOKMARK [2][-]{section*.18}{\376\377\0005\000.\0004\000.\0001\000.\000\040\0001\000.\000\040\000A\000k\000a\000d\000\341\000l\000y\000\040\000e\000l\000h\000e\000l\000y\000e\000z\000\351\000s\000e\000\040\000e\000l\000l\000e\000n\000s\000\351\000g\000\040\000\341\000l\000t\000a\000l\000\040\000f\000o\000g\000l\000a\000l\000t\000\040\000\372\000t\000r\000a}{section*.17}% 138
\BOOKMARK [2][-]{section*.18}{\376\377\0005\000.\0004\000.\0002\000.\000\040\0002\000.\000\040\000A\000k\000a\000d\000\341\000l\000y\000\040\000e\000l\000h\000e\000l\000y\000e\000z\000\351\000s\000e\000\040\000m\000\341\000s\000i\000k\000\040\000a\000k\000a\000d\000\341\000l\000y\000\040\000\341\000l\000t\000a\000l\000\040\000f\000o\000g\000l\000a\000l\000t\000\040\000\372\000t\000r\000a}{section*.17}% 139
\BOOKMARK [2][-]{section*.18}{\376\377\0005\000.\0004\000.\0003\000.\000\040\0003\000.\000\040\000A\000k\000a\000d\000\341\000l\000y\000\040\000e\000l\000h\000e\000l\000y\000e\000z\000\351\000s\000e\000\040\000\374\000r\000e\000s\000\040\000\372\000t\000r\000a}{section*.17}% 140
\BOOKMARK [2][-]{section*.18}{\376\377\0005\000.\0004\000.\0004\000.\000\040\0004\000.\000\040\000A\000k\000a\000d\000\341\000l\000y\000\040\000f\000e\000j\000l\000e\000s\000z\000t\000\351\000s\000e}{section*.17}% 141
\BOOKMARK [2][-]{section*.18}{\376\377\0005\000.\0004\000.\0005\000.\000\040\0005\000.\000\040\000E\000l\000l\000e\000n\000f\000\351\000l\000\040\000m\000o\000z\000g\000\341\000s\000a}{section*.17}% 142
\BOOKMARK [2][-]{section*.18}{\376\377\0005\000.\0004\000.\0006\000.\000\040\0006\000.\000\040\000F\000e\000j\000l\000e\000s\000z\000t\000e\000t\000l\000e\000n\000\040\000t\000o\000r\000o\000n\000y\000\040\000e\000l\000a\000d\000\341\000s\000a}{section*.17}% 143
\BOOKMARK [2][-]{section*.18}{\376\377\0005\000.\0004\000.\0007\000.\000\040\0007\000.\000\040\000F\000e\000j\000l\000e\000s\000z\000t\000e\000t\000t\000\040\000t\000o\000r\000o\000n\000y\000\040\000e\000l\000a\000d\000\341\000s\000a}{section*.17}% 144
\BOOKMARK [2][-]{section*.18}{\376\377\0005\000.\0004\000.\0008\000.\000\040\0008\000.\000\040\000I\000n\000i\000c\000i\000a\000l\000i\000z\000\341\000l\000\341\000s}{section*.17}% 145
\BOOKMARK [2][-]{section*.18}{\376\377\0005\000.\0004\000.\0009\000.\000\040\0009\000.\000\040\000T\000o\000r\000o\000n\000y\000\040\000e\000l\000h\000e\000l\000y\000e\000z\000\351\000s\000e\000\040\000f\000o\000g\000l\000a\000l\000t\000\040\000m\000e\000z\001\121\000r\000e}{section*.17}% 146
\BOOKMARK [2][-]{section*.18}{\376\377\0005\000.\0004\000.\0001\0000\000.\000\040\0001\0000\000.\000\040\000T\000o\000r\000o\000n\000y\000\040\000e\000l\000h\000e\000l\000y\000e\000z\000\351\000s\000e\000\040\000\374\000r\000e\000s\000\040\000m\000e\000z\001\121\000r\000e}{section*.17}% 147
\BOOKMARK [2][-]{section*.18}{\376\377\0005\000.\0004\000.\0001\0001\000.\000\040\0001\0001\000.\000\040\000T\000o\000r\000o\000n\000y\000\040\000f\000e\000j\000l\000e\000s\000z\000t\000\351\000s\000e\000\040\000m\000i\000n\000d\000e\000n\000\040\000g\000e\000m\000b\001\121\000l\000\040\000e\000g\000g\000y\000e\000l}{section*.17}% 148
\BOOKMARK [2][-]{section*.18}{\376\377\0005\000.\0004\000.\0001\0002\000.\000\040\0001\0002\000.\000\040\000T\000o\000r\000o\000n\000y\000\040\000h\000a\000t\000\363\000k\000\366\000r\000\351\000b\000e\000n\000\040\000n\000i\000n\000c\000s\000\040\000e\000l\000l\000e\000n\000s\000\351\000g\000\040\000t\000\374\000z\000e\000l\000\351\000s\000k\000o\000r}{section*.17}% 149
\BOOKMARK [2][-]{section*.18}{\376\377\0005\000.\0004\000.\0001\0003\000.\000\040\0001\0003\000.\000\040\000T\000o\000r\000o\000n\000y\000\040\000l\000e\000l\001\121\000\040\000e\000g\000y\000\040\000e\000l\000l\000e\000n\000s\000\351\000g\000e\000t\000\040\000f\000e\000j\000l\000e\000s\000z\000t\000e\000t\000l\000e\000n\000\374\000l}{section*.17}% 150
\BOOKMARK [2][-]{section*.18}{\376\377\0005\000.\0004\000.\0001\0004\000.\000\040\0001\0004\000.\000\040\000T\000o\000r\000o\000n\000y\000\040\000t\000\374\000z\000e\000l\000\040\000e\000g\000y\000\040\000e\000l\000l\000e\000n\000s\000\351\000g\000r\000e\000\040\000f\000e\000j\000l\000e\000s\000z\000t\000e\000t\000l\000e\000n\000\374\000l}{section*.17}% 151
\BOOKMARK [1][-]{section*.18}{\376\377\0005\000.\0005\000.\000\040\000N\000a\000p\000l\000\363}{table.4.1}% 152
\BOOKMARK [0][-]{table.5.29}{\376\377\0006\000\040\000S\000z\000k\000e\000l\000e\000t\000o\000n\000\040\000b\000e\000a\000d\000\341\000s}{}% 153
\BOOKMARK [1][-]{section*.19}{\376\377\0006\000.\0001\000.\000\040\000F\000o\000r\000d\000\355\000t\000\341\000s\000i\000\040\000\351\000s\000\040\000f\000u\000t\000t\000a\000t\000\341\000s\000i\000\040\000\372\000t\000m\000u\000t\000a\000t\000\363}{table.5.29}% 154
\BOOKMARK [2][-]{section*.19}{\376\377\0006\000.\0001\000.\0001\000.\000\040\000F\000\341\000j\000l\000l\000i\000s\000t\000a}{table.5.29}% 155
\BOOKMARK [2][-]{table.6.1}{\376\377\0006\000.\0001\000.\0002\000.\000\040\000F\000o\000r\000d\000\355\000t\000\341\000s}{table.5.29}% 156
\BOOKMARK [2][-]{table.6.1}{\376\377\0006\000.\0001\000.\0003\000.\000\040\000F\000u\000t\000t\000a\000t\000\341\000s}{table.5.29}% 157
\BOOKMARK [1][-]{table.6.1}{\376\377\0006\000.\0002\000.\000\040\000\311\000r\000t\000\351\000k\000e\000l\000\351\000s}{table.5.29}% 158
\BOOKMARK [1][-]{table.6.2}{\376\377\0006\000.\0003\000.\000\040\000N\000a\000p\000l\000\363}{table.5.29}% 159
\BOOKMARK [0][-]{table.6.3}{\376\377\0007\000\040\000P\000r\000o\000t\000o\000t\000\355\000p\000u\000s\000\040\000k\000o\000n\000c\000e\000p\000c\000i\000\363\000j\000a}{}% 160
\BOOKMARK [1][-]{section*.20}{\376\377\0007\000.\0000\000.\000\040\000S\000p\000e\000c\000i\000f\000i\000k\000\341\000c\000i\000\363\000\040\000v\000\341\000l\000t\000o\000z\000\341\000s}{table.6.3}% 161
\BOOKMARK [2][-]{section*.20}{\376\377\0007\000.\0000\000.\0001\000.\000\040\000M\000\363\000d\000o\000s\000\355\000t\000\341\000s}{table.6.3}% 162
\BOOKMARK [2][-]{section*.20}{\376\377\0007\000.\0000\000.\0002\000.\000\040\000M\000\363\000d\000o\000s\000\355\000t\000o\000t\000t\000\040\000o\000s\000z\000t\000\341\000l\000y\000d\000i\000a\000g\000r\000a\000m}{table.6.3}% 163
\BOOKMARK [2][-]{section*.20}{\376\377\0007\000.\0000\000.\0003\000.\000\040\000M\000\363\000d\000o\000s\000\355\000t\000o\000t\000t\000\040\000s\000z\000e\000k\000v\000e\000n\000c\000i\000a\000d\000i\000a\000g\000r\000a\000m\000o\000k}{table.6.3}% 164
\BOOKMARK [1][-]{section*.20}{\376\377\0007\000.\0001\000.\000\040\000P\000r\000o\000t\000o\000t\000\355\000p\000u\000s\000\040\000i\000n\000t\000e\000r\000f\000a\000c\000e\000-\000d\000e\000f\000i\000n\000\355\000c\000i\000\363\000j\000a}{table.6.3}% 165
\BOOKMARK [2][-]{section*.21}{\376\377\0007\000.\0001\000.\0001\000.\000\040\000A\000z\000\040\000i\000n\000t\000e\000r\000f\000\351\000s\000z\000\040\000\341\000l\000t\000a\000l\000\341\000n\000o\000s\000\040\000l\000e\000\355\000r\000\341\000s\000a}{section*.20}% 166
\BOOKMARK [2][-]{lstlisting.7.-1}{\376\377\0007\000.\0001\000.\0002\000.\000\040\000B\000e\000m\000e\000n\000e\000t\000i\000\040\000n\000y\000e\000l\000v}{section*.20}% 167
\BOOKMARK [2][-]{lstlisting.7.-1}{\376\377\0007\000.\0001\000.\0003\000.\000\040\000K\000i\000m\000e\000n\000e\000t\000i\000\040\000n\000y\000e\000l\000v}{section*.20}% 168
\BOOKMARK [1][-]{lstlisting.7.-5}{\376\377\0007\000.\0002\000.\000\040\000\326\000s\000s\000z\000e\000s\000\040\000r\000\351\000s\000z\000l\000e\000t\000e\000s\000\040\000u\000s\000e\000-\000c\000a\000s\000e}{table.6.3}% 169
\BOOKMARK [1][-]{table.7.14}{\376\377\0007\000.\0003\000.\000\040\000T\000e\000s\000z\000t\000e\000l\000\351\000s\000i\000\040\000t\000e\000r\000v}{table.6.3}% 170
\BOOKMARK [1][-]{table.7.18}{\376\377\0007\000.\0004\000.\000\040\000T\000e\000s\000z\000t\000e\000l\000\351\000s\000t\000\040\000t\000\341\000m\000o\000g\000a\000t\000\363\000\040\000s\000e\000g\000\351\000d\000-\000\040\000\351\000s\000\040\000f\000o\000r\000d\000\355\000t\000\363\000p\000r\000o\000g\000r\000a\000m\000o\000k\000\040\000s\000p\000e\000c\000i\000f\000i\000k\000\341\000l\000\341\000s\000a}{table.6.3}% 171
\BOOKMARK [1][-]{table.7.18}{\376\377\0007\000.\0005\000.\000\040\000N\000a\000p\000l\000\363}{table.6.3}% 172
\BOOKMARK [0][-]{table.7.19}{\376\377\0008\000\040\000R\000\351\000s\000z\000l\000e\000t\000e\000s\000\040\000t\000e\000r\000v\000e\000k}{}% 173
\BOOKMARK [1][-]{section*.22}{\376\377\0008\000.\0001\000.\000\040\000O\000s\000z\000t\000\341\000l\000y\000o\000k\000\040\000\351\000s\000\040\000m\000e\000t\000\363\000d\000u\000s\000o\000k\000\040\000t\000e\000r\000v\000e\000i}{table.7.19}% 174
\BOOKMARK [2][-]{section*.22}{\376\377\0008\000.\0001\000.\0001\000.\000\040\000B\000u\000l\000l\000e\000t}{table.7.19}% 175
\BOOKMARK [2][-]{section*.22}{\376\377\0008\000.\0001\000.\0002\000.\000\040\000E\000n\000e\000m\000y}{table.7.19}% 176
\BOOKMARK [2][-]{section*.22}{\376\377\0008\000.\0001\000.\0003\000.\000\040\000E\000n\000e\000m\000y\000\040\000s\000u\000b\000c\000l\000a\000s\000s\000e\000s\000:\000\040\000E\000l\000f\000,\000\040\000H\000o\000b\000b\000i\000t\000,\000\040\000D\000w\000a\000r\000f\000,\000\040\000H\000u\000m\000a\000n}{table.7.19}% 177
\BOOKMARK [2][-]{section*.22}{\376\377\0008\000.\0001\000.\0004\000.\000\040\000G\000a\000m\000e}{table.7.19}% 178
\BOOKMARK [2][-]{section*.22}{\376\377\0008\000.\0001\000.\0005\000.\000\040\000C\000o\000n\000t\000r\000o\000l\000l\000e\000r}{table.7.19}% 179
\BOOKMARK [2][-]{section*.22}{\376\377\0008\000.\0001\000.\0006\000.\000\040\000I\000G\000a\000m\000e}{table.7.19}% 180
\BOOKMARK [2][-]{section*.22}{\376\377\0008\000.\0001\000.\0007\000.\000\040\000G\000e\000m}{table.7.19}% 181
\BOOKMARK [2][-]{section*.22}{\376\377\0008\000.\0001\000.\0008\000.\000\040\000I\000O\000b\000s\000t\000a\000c\000l\000e}{table.7.19}% 182
\BOOKMARK [2][-]{section*.22}{\376\377\0008\000.\0001\000.\0009\000.\000\040\000O\000b\000s\000t\000a\000c\000l\000e}{table.7.19}% 183
\BOOKMARK [2][-]{section*.22}{\376\377\0008\000.\0001\000.\0001\0000\000.\000\040\000I\000T\000o\000w\000e\000r}{table.7.19}% 184
\BOOKMARK [2][-]{section*.22}{\376\377\0008\000.\0001\000.\0001\0001\000.\000\040\000T\000o\000w\000e\000r}{table.7.19}% 185
\BOOKMARK [2][-]{section*.22}{\376\377\0008\000.\0001\000.\0001\0002\000.\000\040\000M\000a\000p}{table.7.19}% 186
\BOOKMARK [2][-]{section*.22}{\376\377\0008\000.\0001\000.\0001\0003\000.\000\040\000C\000e\000l\000l}{table.7.19}% 187
\BOOKMARK [2][-]{section*.22}{\376\377\0008\000.\0001\000.\0001\0004\000.\000\040\000F\000i\000e\000l\000d}{table.7.19}% 188
\BOOKMARK [2][-]{section*.22}{\376\377\0008\000.\0001\000.\0001\0005\000.\000\040\000P\000a\000t\000h}{table.7.19}% 189
\BOOKMARK [2][-]{section*.22}{\376\377\0008\000.\0001\000.\0001\0006\000.\000\040\000T\000o\000w\000e\000r\000h\000e\000z\000\040\000t\000a\000r\000t\000o\000z\000\363\000\040\000k\000r\000s\000i\000t\000\341\000l\000y\000o\000k\000:\000\040\000R\000a\000n\000g\000e\000,\000\040\000S\000p\000e\000e\000d\000,\000\040\000D\000a\000m\000a\000g\000e\000,\000\040\000E\000n\000e\000m\000y\000T\000y\000p\000e}{table.7.19}% 190
\BOOKMARK [2][-]{section*.22}{\376\377\0008\000.\0001\000.\0001\0007\000.\000\040\000O\000b\000s\000t\000a\000c\000l\000e\000h\000e\000z\000\040\000t\000a\000r\000t\000o\000z\000\363\000\040\000k\000r\000i\000s\000t\000\341\000l\000y\000o\000k\000:\000\040\000I\000n\000t\000e\000n\000s\000i\000t\000y\000,\000\040\000R\000e\000p\000a\000i\000r}{table.7.19}% 191
\BOOKMARK [2][-]{section*.22}{\376\377\0008\000.\0001\000.\0001\0008\000.\000\040\000I\000O\000G\000e\000m}{table.7.19}% 192
\BOOKMARK [2][-]{section*.22}{\376\377\0008\000.\0001\000.\0001\0009\000.\000\040\000I\000T\000G\000e\000m}{table.7.19}% 193
\BOOKMARK [2][-]{section*.22}{\376\377\0008\000.\0001\000.\0002\0000\000.\000\040\000I\000F\000i\000e\000l\000d\000P\000l\000a\000c\000e\000a\000b\000l\000e}{table.7.19}% 194
\BOOKMARK [2][-]{section*.22}{\376\377\0008\000.\0001\000.\0002\0001\000.\000\040\000I\000P\000a\000t\000h\000P\000l\000a\000c\000e\000a\000b\000l\000e}{table.7.19}% 195
\BOOKMARK [1][-]{section*.22}{\376\377\0008\000.\0002\000.\000\040\000A\000\040\000t\000e\000s\000z\000t\000e\000k\000\040\000r\000\351\000s\000z\000l\000e\000t\000e\000s\000\040\000t\000e\000r\000v\000e\000i\000,\000\040\000l\000e\000\355\000r\000\341\000s\000u\000k\000\040\000a\000\040\000t\000e\000s\000z\000t\000\040\000n\000y\000e\000l\000v\000\351\000n}{table.7.19}% 196
\BOOKMARK [2][-]{section*.23}{\376\377\0008\000.\0002\000.\0001\000.\000\040\000E\000l\000l\000e\000n\000s\000\351\000g\000\040\000m\000o\000z\000g\000\341\000s\000\040\000\351\000s\000\040\000s\000e\000b\000z\000\351\000s}{section*.22}% 197
\BOOKMARK [2][-]{lstlisting.8.-8}{\376\377\0008\000.\0002\000.\0002\000.\000\040\000A\000k\000a\000d\000\341\000l\000y\000\040\000t\000e\000s\000z\000t}{section*.22}% 198
\BOOKMARK [2][-]{lstlisting.8.-11}{\376\377\0008\000.\0002\000.\0003\000.\000\040\000K\000\366\000d\000,\000\040\000\351\000s\000\040\000e\000l\000l\000e\000n\000s\000\351\000g\000\040\000k\000e\000t\000t\000\351\000s\000z\000e\000l\000\351\000s}{section*.22}% 199
\BOOKMARK [2][-]{lstlisting.8.-14}{\376\377\0008\000.\0002\000.\0004\000.\000\040\000E\000l\000l\000e\000n\000s\000\351\000g\000\040\000e\000l\000\341\000g\000a\000z\000\341\000s\000h\000o\000z\000\040\000\351\000r}{section*.22}% 200
\BOOKMARK [1][-]{lstlisting.8.-17}{\376\377\0008\000.\0003\000.\000\040\000A\000\040\000t\000e\000s\000z\000t\000e\000l\000\351\000s\000t\000\040\000t\000\341\000m\000o\000g\000a\000t\000\363\000\040\000p\000r\000o\000g\000r\000a\000m\000o\000k\000\040\000t\000e\000r\000v\000e\000i}{table.7.19}% 201
\BOOKMARK [1][-]{lstlisting.8.-17}{\376\377\0008\000.\0004\000.\000\040\000N\000a\000p\000l\000\363}{table.7.19}% 202
\BOOKMARK [0][-]{table.8.1}{\376\377\0001\0000\000\040\000P\000r\000o\000t\000o\000t\000\355\000p\000u\000s\000\040\000b\000e\000a\000d\000\341\000s\000a}{}% 203
\BOOKMARK [1][-]{section*.24}{\376\377\0001\0000\000.\0001\000.\000\040\000F\000o\000r\000d\000\355\000t\000\341\000s\000i\000\040\000\351\000s\000\040\000f\000u\000t\000t\000a\000t\000\341\000s\000i\000\040\000\372\000t\000m\000u\000t\000a\000t\000\363}{table.8.1}% 204
\BOOKMARK [2][-]{section*.24}{\376\377\0001\0000\000.\0001\000.\0001\000.\000\040\000F\000\341\000j\000l\000l\000i\000s\000t\000a}{table.8.1}% 205
\BOOKMARK [2][-]{table.10.1}{\376\377\0001\0000\000.\0001\000.\0002\000.\000\040\000F\000o\000r\000d\000\355\000t\000\341\000s}{table.8.1}% 206
\BOOKMARK [2][-]{lstlisting.10.-19}{\376\377\0001\0000\000.\0001\000.\0003\000.\000\040\000F\000u\000t\000t\000a\000t\000\341\000s}{table.8.1}% 207
\BOOKMARK [1][-]{lstlisting.10.-23}{\376\377\0001\0000\000.\0002\000.\000\040\000T\000e\000s\000z\000t\000e\000k\000\040\000j\000e\000g\000y\000z\001\121\000k\000\366\000n\000y\000v\000e\000i}{table.8.1}% 208
\BOOKMARK [2][-]{section*.25}{\376\377\0001\0000\000.\0002\000.\0001\000.\000\040\000T\000e\000s\000z\000t\000e\000s\000e\000t\0001}{lstlisting.10.-23}% 209
\BOOKMARK [2][-]{table.10.3}{\376\377\0001\0000\000.\0002\000.\0002\000.\000\040\000T\000e\000s\000z\000t\000e\000s\000e\000t\0002}{lstlisting.10.-23}% 210
\BOOKMARK [2][-]{table.10.5}{\376\377\0001\0000\000.\0002\000.\0003\000.\000\040\000T\000e\000s\000z\000t\000e\000s\000e\000t\0003}{lstlisting.10.-23}% 211
\BOOKMARK [2][-]{table.10.8}{\376\377\0001\0000\000.\0002\000.\0004\000.\000\040\000T\000e\000s\000z\000t\000e\000s\000e\000t\0004}{lstlisting.10.-23}% 212
\BOOKMARK [1][-]{table.10.10}{\376\377\0001\0000\000.\0003\000.\000\040\000\311\000r\000t\000\351\000k\000e\000l\000\351\000s}{table.8.1}% 213
\BOOKMARK [1][-]{table.10.11}{\376\377\0001\0000\000.\0004\000.\000\040\000N\000a\000p\000l\000\363}{table.8.1}% 214
\BOOKMARK [0][-]{table.10.12}{\376\377\0001\0001\000\040\000G\000r\000a\000f\000i\000k\000u\000s\000\040\000f\000e\000l\000\374\000l\000e\000t\000\040\000s\000p\000e\000c\000i\000f\000i\000k\000\341\000c\000i\000\363\000j\000a}{}% 215
\BOOKMARK [1][-]{section*.26}{\376\377\0001\0001\000.\0001\000.\000\040\000A\000\040\000g\000r\000a\000f\000i\000k\000u\000s\000\040\000i\000n\000t\000e\000r\000f\000\351\000s\000z}{table.10.12}% 216
\BOOKMARK [1][-]{section*.26}{\376\377\0001\0001\000.\0002\000.\000\040\000A\000\040\000g\000r\000a\000f\000i\000k\000u\000s\000\040\000r\000e\000n\000d\000s\000z\000e\000r\000\040\000a\000r\000c\000h\000i\000t\000e\000k\000t\000\372\000r\000\341\000j\000a}{table.10.12}% 217
\BOOKMARK [2][-]{section*.27}{\376\377\0001\0001\000.\0002\000.\0001\000.\000\040\000A\000\040\000f\000e\000l\000\374\000l\000e\000t\000\040\000m\001\161\000k\000\366\000d\000\351\000s\000i\000\040\000e\000l\000v\000e}{section*.26}% 218
\BOOKMARK [2][-]{section*.27}{\376\377\0001\0001\000.\0002\000.\0002\000.\000\040\000A\000\040\000f\000e\000l\000\374\000l\000e\000t\000\040\000o\000s\000z\000t\000\341\000l\000y\000-\000s\000t\000r\000u\000k\000t\000\372\000r\000\341\000j\000a}{section*.26}% 219
\BOOKMARK [1][-]{section*.27}{\376\377\0001\0001\000.\0003\000.\000\040\000A\000\040\000g\000r\000a\000f\000i\000k\000u\000s\000\040\000o\000b\000j\000e\000k\000t\000u\000m\000o\000k\000\040\000f\000e\000l\000s\000o\000r\000o\000l\000\341\000s\000a}{table.10.12}% 220
\BOOKMARK [2][-]{section*.28}{\376\377\0001\0001\000.\0003\000.\0001\000.\000\040\000G\000P\000a\000t\000h}{section*.27}% 221
\BOOKMARK [2][-]{section*.28}{\376\377\0001\0001\000.\0003\000.\0002\000.\000\040\000G\000F\000i\000e\000l\000d}{section*.27}% 222
\BOOKMARK [2][-]{section*.28}{\376\377\0001\0001\000.\0003\000.\0003\000.\000\040\000G\000G\000a\000m\000e}{section*.27}% 223
\BOOKMARK [2][-]{section*.28}{\376\377\0001\0001\000.\0003\000.\0004\000.\000\040\000G\000E\000n\000e\000m\000y\000\040\000\351\000s\000\040\000l\000e\000s\000z\000\341\000r\000m\000a\000z\000o\000t\000t\000a\000i\000:\000\040\000G\000H\000o\000b\000b\000i\000t\000,\000\040\000G\000H\000u\000m\000a\000n\000,\000\040\000G\000E\000l\000f\000,\000\040\000G\000D\000w\000a\000r\000f}{section*.27}% 224
\BOOKMARK [2][-]{section*.28}{\376\377\0001\0001\000.\0003\000.\0005\000.\000\040\000C\000o\000n\000t\000r\000o\000l\000l\000e\000r}{section*.27}% 225
\BOOKMARK [2][-]{section*.28}{\376\377\0001\0001\000.\0003\000.\0006\000.\000\040\000G\000C\000o\000n\000t\000r\000o\000l\000l\000e\000r}{section*.27}% 226
\BOOKMARK [2][-]{section*.28}{\376\377\0001\0001\000.\0003\000.\0007\000.\000\040\000I\000V\000i\000e\000w}{section*.27}% 227
\BOOKMARK [2][-]{section*.28}{\376\377\0001\0001\000.\0003\000.\0008\000.\000\040\000G\000r\000a\000p\000h\000i\000c}{section*.27}% 228
\BOOKMARK [2][-]{section*.28}{\376\377\0001\0001\000.\0003\000.\0009\000.\000\040\000C\000e\000l\000l}{section*.27}% 229
\BOOKMARK [2][-]{section*.28}{\376\377\0001\0001\000.\0003\000.\0001\0000\000.\000\040\000G\000a\000m\000e\000\040\000\351\000s\000\040\000I\000G\000a\000m\000e}{section*.27}% 230
\BOOKMARK [1][-]{section*.28}{\376\377\0001\0001\000.\0004\000.\000\040\000K\000a\000p\000c\000s\000o\000l\000a\000t\000\040\000a\000z\000\040\000a\000l\000k\000a\000l\000m\000a\000z\000\363\000i\000\040\000r\000e\000n\000d\000s\000z\000e\000r\000r\000e\000l}{table.10.12}% 231
\BOOKMARK [2][-]{section*.29}{\376\377\0001\0001\000.\0004\000.\0001\000.\000\040\000A\000k\000a\000d\000\341\000l\000y\000\040\000e\000l\000h\000e\000l\000y\000e\000z\000\351\000s\000e}{section*.28}% 232
\BOOKMARK [2][-]{section*.29}{\376\377\0001\0001\000.\0004\000.\0002\000.\000\040\000A\000k\000a\000d\000\341\000l\000y\000\040\000j\000a\000v\000\355\000t\000\341\000s\000a}{section*.28}% 233
\BOOKMARK [2][-]{section*.29}{\376\377\0001\0001\000.\0004\000.\0003\000.\000\040\000A\000k\000a\000d\000\341\000l\000y\000\040\000t\000\366\000r\000l\001\121\000d\000\351\000s\000e}{section*.28}% 234
\BOOKMARK [2][-]{section*.29}{\376\377\0001\0001\000.\0004\000.\0004\000.\000\040\000B\000e\000t\000\366\000l\000t\000\351\000s}{section*.28}% 235
\BOOKMARK [2][-]{section*.29}{\376\377\0001\0001\000.\0004\000.\0005\000.\000\040\000E\000l\000l\000e\000n\000s\000\351\000g\000\040\000b\000e\000\351\000r\000k\000e\000z\000i\000k}{section*.28}% 236
\BOOKMARK [2][-]{section*.29}{\376\377\0001\0001\000.\0004\000.\0006\000.\000\040\000E\000l\000l\000e\000n\000s\000\351\000g\000\040\000h\000a\000l\000\341\000l\000a}{section*.28}% 237
\BOOKMARK [2][-]{section*.29}{\376\377\0001\0001\000.\0004\000.\0007\000.\000\040\000E\000l\000l\000e\000n\000s\000\351\000g\000\040\000l\000\351\000p\000\351\000s\000e}{section*.28}% 238
\BOOKMARK [2][-]{section*.29}{\376\377\0001\0001\000.\0004\000.\0008\000.\000\040\000E\000l\000l\000e\000n\000s\000\351\000g\000\040\000l\000\351\000t\000r\000e\000h\000o\000z\000\341\000s\000a}{section*.28}% 239
\BOOKMARK [2][-]{section*.29}{\376\377\0001\0001\000.\0004\000.\0009\000.\000\040\000E\000l\000l\000e\000n\000s\000\351\000g\000\040\000s\000e\000b\000z\000\351\000s\000e}{section*.28}% 240
\BOOKMARK [2][-]{section*.29}{\376\377\0001\0001\000.\0004\000.\0001\0000\000.\000\040\000T\000o\000r\000o\000n\000y\000\040\000e\000l\000h\000e\000l\000y\000e\000z\000\351\000s\000e}{section*.28}% 241
\BOOKMARK [2][-]{section*.29}{\376\377\0001\0001\000.\0004\000.\0001\0001\000.\000\040\000T\000o\000r\000o\000n\000y\000\040\000f\000e\000j\000l\000e\000s\000z\000t\000\351\000s\000e\000\040\000e\000l\000l\000e\000n\000s\000\351\000g\000\040\000t\000\355\000p\000u\000s\000r\000a}{section*.28}% 242
\BOOKMARK [2][-]{section*.29}{\376\377\0001\0001\000.\0004\000.\0001\0002\000.\000\040\000T\000o\000r\000o\000n\000y\000\040\000t\000\366\000r\000l\001\121\000d\000\351\000s\000e}{section*.28}% 243
\BOOKMARK [2][-]{section*.29}{\376\377\0001\0001\000.\0004\000.\0001\0003\000.\000\040\000V\000a\000r\000\341\000z\000s\000e\000r\001\121\000\040\000v\000\341\000l\000t\000o\000z\000\341\000s\000a}{section*.28}% 244
\BOOKMARK [1][-]{section*.29}{\376\377\0001\0001\000.\0005\000.\000\040\000N\000a\000p\000l\000\363}{table.10.12}% 245
