This is pdfTeX, Version 3.1415926-2.5-1.40.14 (MiKTeX 2.9) (preloaded format=pdflatex 2014.2.12)  17 MAR 2014 03:04
entering extended mode
**szoftlab4.tex

(D:\SAJÁT\Documents\GitHub\Dokumentaciok\Dokumentacio_latex\szoftlab4\szoftlab
4.tex
LaTeX2e <2011/06/27>
Babel <v3.8m> and hyphenation patterns for english, afrikaans, ancientgreek, ar
abic, armenian, assamese, basque, bengali, bokmal, bulgarian, catalan, coptic, 
croatian, czech, danish, dutch, esperanto, estonian, farsi, finnish, french, ga
lician, german, german-x-2013-05-26, greek, gujarati, hindi, hungarian, iceland
ic, indonesian, interlingua, irish, italian, kannada, kurmanji, latin, latvian,
 lithuanian, malayalam, marathi, mongolian, mongolianlmc, monogreek, ngerman, n
german-x-2013-05-26, nynorsk, oriya, panjabi, pinyin, polish, portuguese, roman
ian, russian, sanskrit, serbian, slovak, slovenian, spanish, swedish, swissgerm
an, tamil, telugu, turkish, turkmen, ukenglish, ukrainian, uppersorbian, usengl
ishmax, welsh, loaded.

(D:\SAJÁT\Documents\GitHub\Dokumentaciok\Dokumentacio_latex\szoftlab4\includes
/header.tex
("C:\Program Files (x86)\MiKTeX 2.9\tex\latex\koma-script\scrbook.cls"
Document Class: scrbook 2013/12/19 v3.12 KOMA-Script document class (book)
("C:\Program Files (x86)\MiKTeX 2.9\tex\latex\koma-script\scrkbase.sty"
Package: scrkbase 2013/12/19 v3.12 KOMA-Script package (KOMA-Script-dependent b
asics and keyval usage)

("C:\Program Files (x86)\MiKTeX 2.9\tex\latex\koma-script\scrbase.sty"
Package: scrbase 2013/12/19 v3.12 KOMA-Script package (KOMA-Script-independent 
basics and keyval usage)

("C:\Program Files (x86)\MiKTeX 2.9\tex\latex\graphics\keyval.sty"
Package: keyval 1999/03/16 v1.13 key=value parser (DPC)
\KV@toks@=\toks14
)
("C:\Program Files (x86)\MiKTeX 2.9\tex\latex\koma-script\scrlfile.sty"
Package: scrlfile 2013/12/19 v3.12 KOMA-Script package (loading files)

Package scrlfile, 2013/12/19 v3.12 KOMA-Script package (loading files)
                  Copyright (C) Markus Kohm

))) ("C:\Program Files (x86)\MiKTeX 2.9\tex\latex\koma-script\tocbasic.sty"
Package: tocbasic 2013/12/19 v3.12 KOMA-Script package (handling toc-files)
)
Package tocbasic Info: omitting babel extension for `toc'
(tocbasic)             because of feature `nobabel' available
(tocbasic)             for `toc' on input line 117.
Package tocbasic Info: omitting babel extension for `lof'
(tocbasic)             because of feature `nobabel' available
(tocbasic)             for `lof' on input line 118.
Package tocbasic Info: omitting babel extension for `lot'
(tocbasic)             because of feature `nobabel' available
(tocbasic)             for `lot' on input line 119.
Package tocbasic Info: defining new hook before heading of `' on input line 111
8.
Package scrbook Info: You've used standard option `11pt'.
(scrbook)             This is correct!
(scrbook)             Internally I'm using `fontsize=11pt'.
(scrbook)             If you'd like to set the option with \KOMAoptions,
(scrbook)             you'd have to use `fontsize=11pt' there
(scrbook)             instead of `11pt', too.
Class scrbook Info: You've used standard option `oneside'.
(scrbook)           This is correct!
(scrbook)           Internally I'm using `twoside=false'.
(scrbook)           If you'd like to set the option with \KOMAoptions,
(scrbook)           you'd have to use `twoside=false' there
(scrbook)           instead of `oneside', too.
Package scrbase Info: Unknown processing state.
(scrbase)             Processing option `twoside=false'
(scrbase)             of member `.scrbook.cls'
(scrbase)             of family `KOMA'
(scrbase)             doesn't set a valid state.
(scrbase)             This will be interpreted
(scrbase)             as \FamilyKeyStateProcessed on input line 1269.
Class scrbook Info: File `scrsize11pt.clo' used to setup font sizes on input li
ne 1655.

("C:\Program Files (x86)\MiKTeX 2.9\tex\latex\koma-script\scrsize11pt.clo"
File: scrsize11pt.clo 2013/12/19 v3.12 KOMA-Script font size class option (11pt
)
)
("C:\Program Files (x86)\MiKTeX 2.9\tex\latex\koma-script\typearea.sty"
Package: typearea 2013/12/19 v3.12 KOMA-Script package (type area)

Package typearea, 2013/12/19 v3.12 KOMA-Script package (type area)
                  Copyright (C) Frank Neukam, 1992-1994
                  Copyright (C) Markus Kohm, 1994-

\ta@bcor=\skip41
\ta@div=\count79
Package typearea Info: You've used standard option `oneside'.
(typearea)             This is correct!
(typearea)             Internally I'm using `twoside=false'.
(typearea)             If you'd like to set the option with \KOMAoptions,
(typearea)             you'd have to use `twoside=false' there
(typearea)             instead of `oneside', too.
\ta@hblk=\skip42
\ta@vblk=\skip43
\ta@temp=\skip44
\footheight=\skip45
Package typearea Info: These are the values describing the layout:
(typearea)             DIV  = 10
(typearea)             BCOR = 0.0pt
(typearea)             \paperwidth      = 597.50793pt
(typearea)              \textwidth      = 418.25555pt
(typearea)              DIV departure   = -6%
(typearea)              \evensidemargin = 17.3562pt
(typearea)              \oddsidemargin  = 17.3562pt
(typearea)             \paperheight     = 845.04694pt
(typearea)              \textheight     = 595.80026pt
(typearea)              \topmargin      = -25.16531pt
(typearea)              \headheight     = 17.0pt
(typearea)              \headsep        = 20.40001pt
(typearea)              \topskip        = 11.0pt
(typearea)              \footskip       = 47.6pt
(typearea)              \baselineskip   = 13.6pt
(typearea)              on input line 1330.
)
\c@part=\count80
\c@chapter=\count81
\c@section=\count82
\c@subsection=\count83
\c@subsubsection=\count84
\c@paragraph=\count85
\c@subparagraph=\count86
\abovecaptionskip=\skip46
\belowcaptionskip=\skip47
\c@pti@nb@sid@b@x=\box26
\c@figure=\count87
\c@table=\count88
\bibindent=\dimen102
) ("C:\Program Files (x86)\MiKTeX 2.9\tex\latex\base\inputenc.sty"
Package: inputenc 2008/03/30 v1.1d Input encoding file
\inpenc@prehook=\toks15
\inpenc@posthook=\toks16

("C:\Program Files (x86)\MiKTeX 2.9\tex\latex\base\utf8.def"
File: utf8.def 2008/04/05 v1.1m UTF-8 support for inputenc
Now handling font encoding OML ...
... no UTF-8 mapping file for font encoding OML
Now handling font encoding T1 ...
... processing UTF-8 mapping file for font encoding T1

("C:\Program Files (x86)\MiKTeX 2.9\tex\latex\base\t1enc.dfu"
File: t1enc.dfu 2008/04/05 v1.1m UTF-8 support for inputenc
   defining Unicode char U+00A1 (decimal 161)
   defining Unicode char U+00A3 (decimal 163)
   defining Unicode char U+00AB (decimal 171)
   defining Unicode char U+00BB (decimal 187)
   defining Unicode char U+00BF (decimal 191)
   defining Unicode char U+00C0 (decimal 192)
   defining Unicode char U+00C1 (decimal 193)
   defining Unicode char U+00C2 (decimal 194)
   defining Unicode char U+00C3 (decimal 195)
   defining Unicode char U+00C4 (decimal 196)
   defining Unicode char U+00C5 (decimal 197)
   defining Unicode char U+00C6 (decimal 198)
   defining Unicode char U+00C7 (decimal 199)
   defining Unicode char U+00C8 (decimal 200)
   defining Unicode char U+00C9 (decimal 201)
   defining Unicode char U+00CA (decimal 202)
   defining Unicode char U+00CB (decimal 203)
   defining Unicode char U+00CC (decimal 204)
   defining Unicode char U+00CD (decimal 205)
   defining Unicode char U+00CE (decimal 206)
   defining Unicode char U+00CF (decimal 207)
   defining Unicode char U+00D0 (decimal 208)
   defining Unicode char U+00D1 (decimal 209)
   defining Unicode char U+00D2 (decimal 210)
   defining Unicode char U+00D3 (decimal 211)
   defining Unicode char U+00D4 (decimal 212)
   defining Unicode char U+00D5 (decimal 213)
   defining Unicode char U+00D6 (decimal 214)
   defining Unicode char U+00D8 (decimal 216)
   defining Unicode char U+00D9 (decimal 217)
   defining Unicode char U+00DA (decimal 218)
   defining Unicode char U+00DB (decimal 219)
   defining Unicode char U+00DC (decimal 220)
   defining Unicode char U+00DD (decimal 221)
   defining Unicode char U+00DE (decimal 222)
   defining Unicode char U+00DF (decimal 223)
   defining Unicode char U+00E0 (decimal 224)
   defining Unicode char U+00E1 (decimal 225)
   defining Unicode char U+00E2 (decimal 226)
   defining Unicode char U+00E3 (decimal 227)
   defining Unicode char U+00E4 (decimal 228)
   defining Unicode char U+00E5 (decimal 229)
   defining Unicode char U+00E6 (decimal 230)
   defining Unicode char U+00E7 (decimal 231)
   defining Unicode char U+00E8 (decimal 232)
   defining Unicode char U+00E9 (decimal 233)
   defining Unicode char U+00EA (decimal 234)
   defining Unicode char U+00EB (decimal 235)
   defining Unicode char U+00EC (decimal 236)
   defining Unicode char U+00ED (decimal 237)
   defining Unicode char U+00EE (decimal 238)
   defining Unicode char U+00EF (decimal 239)
   defining Unicode char U+00F0 (decimal 240)
   defining Unicode char U+00F1 (decimal 241)
   defining Unicode char U+00F2 (decimal 242)
   defining Unicode char U+00F3 (decimal 243)
   defining Unicode char U+00F4 (decimal 244)
   defining Unicode char U+00F5 (decimal 245)
   defining Unicode char U+00F6 (decimal 246)
   defining Unicode char U+00F8 (decimal 248)
   defining Unicode char U+00F9 (decimal 249)
   defining Unicode char U+00FA (decimal 250)
   defining Unicode char U+00FB (decimal 251)
   defining Unicode char U+00FC (decimal 252)
   defining Unicode char U+00FD (decimal 253)
   defining Unicode char U+00FE (decimal 254)
   defining Unicode char U+00FF (decimal 255)
   defining Unicode char U+0102 (decimal 258)
   defining Unicode char U+0103 (decimal 259)
   defining Unicode char U+0104 (decimal 260)
   defining Unicode char U+0105 (decimal 261)
   defining Unicode char U+0106 (decimal 262)
   defining Unicode char U+0107 (decimal 263)
   defining Unicode char U+010C (decimal 268)
   defining Unicode char U+010D (decimal 269)
   defining Unicode char U+010E (decimal 270)
   defining Unicode char U+010F (decimal 271)
   defining Unicode char U+0110 (decimal 272)
   defining Unicode char U+0111 (decimal 273)
   defining Unicode char U+0118 (decimal 280)
   defining Unicode char U+0119 (decimal 281)
   defining Unicode char U+011A (decimal 282)
   defining Unicode char U+011B (decimal 283)
   defining Unicode char U+011E (decimal 286)
   defining Unicode char U+011F (decimal 287)
   defining Unicode char U+0130 (decimal 304)
   defining Unicode char U+0131 (decimal 305)
   defining Unicode char U+0132 (decimal 306)
   defining Unicode char U+0133 (decimal 307)
   defining Unicode char U+0139 (decimal 313)
   defining Unicode char U+013A (decimal 314)
   defining Unicode char U+013D (decimal 317)
   defining Unicode char U+013E (decimal 318)
   defining Unicode char U+0141 (decimal 321)
   defining Unicode char U+0142 (decimal 322)
   defining Unicode char U+0143 (decimal 323)
   defining Unicode char U+0144 (decimal 324)
   defining Unicode char U+0147 (decimal 327)
   defining Unicode char U+0148 (decimal 328)
   defining Unicode char U+014A (decimal 330)
   defining Unicode char U+014B (decimal 331)
   defining Unicode char U+0150 (decimal 336)
   defining Unicode char U+0151 (decimal 337)
   defining Unicode char U+0152 (decimal 338)
   defining Unicode char U+0153 (decimal 339)
   defining Unicode char U+0154 (decimal 340)
   defining Unicode char U+0155 (decimal 341)
   defining Unicode char U+0158 (decimal 344)
   defining Unicode char U+0159 (decimal 345)
   defining Unicode char U+015A (decimal 346)
   defining Unicode char U+015B (decimal 347)
   defining Unicode char U+015E (decimal 350)
   defining Unicode char U+015F (decimal 351)
   defining Unicode char U+0160 (decimal 352)
   defining Unicode char U+0161 (decimal 353)
   defining Unicode char U+0162 (decimal 354)
   defining Unicode char U+0163 (decimal 355)
   defining Unicode char U+0164 (decimal 356)
   defining Unicode char U+0165 (decimal 357)
   defining Unicode char U+016E (decimal 366)
   defining Unicode char U+016F (decimal 367)
   defining Unicode char U+0170 (decimal 368)
   defining Unicode char U+0171 (decimal 369)
   defining Unicode char U+0178 (decimal 376)
   defining Unicode char U+0179 (decimal 377)
   defining Unicode char U+017A (decimal 378)
   defining Unicode char U+017B (decimal 379)
   defining Unicode char U+017C (decimal 380)
   defining Unicode char U+017D (decimal 381)
   defining Unicode char U+017E (decimal 382)
   defining Unicode char U+200C (decimal 8204)
   defining Unicode char U+2013 (decimal 8211)
   defining Unicode char U+2014 (decimal 8212)
   defining Unicode char U+2018 (decimal 8216)
   defining Unicode char U+2019 (decimal 8217)
   defining Unicode char U+201A (decimal 8218)
   defining Unicode char U+201C (decimal 8220)
   defining Unicode char U+201D (decimal 8221)
   defining Unicode char U+201E (decimal 8222)
   defining Unicode char U+2030 (decimal 8240)
   defining Unicode char U+2031 (decimal 8241)
   defining Unicode char U+2039 (decimal 8249)
   defining Unicode char U+203A (decimal 8250)
   defining Unicode char U+2423 (decimal 9251)
)
Now handling font encoding OT1 ...
... processing UTF-8 mapping file for font encoding OT1

("C:\Program Files (x86)\MiKTeX 2.9\tex\latex\base\ot1enc.dfu"
File: ot1enc.dfu 2008/04/05 v1.1m UTF-8 support for inputenc
   defining Unicode char U+00A1 (decimal 161)
   defining Unicode char U+00A3 (decimal 163)
   defining Unicode char U+00B8 (decimal 184)
   defining Unicode char U+00BF (decimal 191)
   defining Unicode char U+00C5 (decimal 197)
   defining Unicode char U+00C6 (decimal 198)
   defining Unicode char U+00D8 (decimal 216)
   defining Unicode char U+00DF (decimal 223)
   defining Unicode char U+00E6 (decimal 230)
   defining Unicode char U+00EC (decimal 236)
   defining Unicode char U+00ED (decimal 237)
   defining Unicode char U+00EE (decimal 238)
   defining Unicode char U+00EF (decimal 239)
   defining Unicode char U+00F8 (decimal 248)
   defining Unicode char U+0131 (decimal 305)
   defining Unicode char U+0141 (decimal 321)
   defining Unicode char U+0142 (decimal 322)
   defining Unicode char U+0152 (decimal 338)
   defining Unicode char U+0153 (decimal 339)
   defining Unicode char U+2013 (decimal 8211)
   defining Unicode char U+2014 (decimal 8212)
   defining Unicode char U+2018 (decimal 8216)
   defining Unicode char U+2019 (decimal 8217)
   defining Unicode char U+201C (decimal 8220)
   defining Unicode char U+201D (decimal 8221)
)
Now handling font encoding OMS ...
... processing UTF-8 mapping file for font encoding OMS

("C:\Program Files (x86)\MiKTeX 2.9\tex\latex\base\omsenc.dfu"
File: omsenc.dfu 2008/04/05 v1.1m UTF-8 support for inputenc
   defining Unicode char U+00A7 (decimal 167)
   defining Unicode char U+00B6 (decimal 182)
   defining Unicode char U+00B7 (decimal 183)
   defining Unicode char U+2020 (decimal 8224)
   defining Unicode char U+2021 (decimal 8225)
   defining Unicode char U+2022 (decimal 8226)
)
Now handling font encoding OMX ...
... no UTF-8 mapping file for font encoding OMX
Now handling font encoding U ...
... no UTF-8 mapping file for font encoding U
   defining Unicode char U+00A9 (decimal 169)
   defining Unicode char U+00AA (decimal 170)
   defining Unicode char U+00AE (decimal 174)
   defining Unicode char U+00BA (decimal 186)
   defining Unicode char U+02C6 (decimal 710)
   defining Unicode char U+02DC (decimal 732)
   defining Unicode char U+200C (decimal 8204)
   defining Unicode char U+2026 (decimal 8230)
   defining Unicode char U+2122 (decimal 8482)
   defining Unicode char U+2423 (decimal 9251)
))
("C:\Program Files (x86)\MiKTeX 2.9\tex\latex\base\fontenc.sty"
Package: fontenc 2005/09/27 v1.99g Standard LaTeX package

("C:\Program Files (x86)\MiKTeX 2.9\tex\latex\base\t1enc.def"
File: t1enc.def 2005/09/27 v1.99g Standard LaTeX file
LaTeX Font Info:    Redeclaring font encoding T1 on input line 43.
))

Class scrbook Warning: Usage of package `fancyhdr' together
(scrbook)              with a KOMA-Script class is not recommended.
(scrbook)              I'd suggest to use 
(scrbook)              package `scrpage2' or `scrlayer-scrpage'.
(scrbook)              Nevertheless, using requested
(scrbook)              package `fancyhdr' on input line 10.

("C:\Program Files (x86)\MiKTeX 2.9\tex\latex\fancyhdr\fancyhdr.sty"
\fancy@headwidth=\skip48
\f@ncyO@elh=\skip49
\f@ncyO@erh=\skip50
\f@ncyO@olh=\skip51
\f@ncyO@orh=\skip52
\f@ncyO@elf=\skip53
\f@ncyO@erf=\skip54
\f@ncyO@olf=\skip55
\f@ncyO@orf=\skip56
)
("C:\Program Files (x86)\MiKTeX 2.9\tex\generic\babel\babel.sty"
Package: babel 2008/07/08 v3.8m The Babel package

*************************************
* Local config file bblopts.cfg used
*
("C:\Program Files (x86)\MiKTeX 2.9\tex\latex\00miktex\bblopts.cfg"
File: bblopts.cfg 2006/07/31 v1.0 MiKTeX 'babel' configuration
)
("C:\Program Files (x86)\MiKTeX 2.9\tex\generic\babel\magyar.ldf"
Language: magyar 2005/03/30 v1.4j Magyar support from the babel system

("C:\Program Files (x86)\MiKTeX 2.9\tex\generic\babel\babel.def"
File: babel.def 2008/07/08 v3.8m Babel common definitions
\babel@savecnt=\count89
\U@D=\dimen103
)
Package babel Info: Making ` an active character on input line 597.
))
("C:\Program Files (x86)\MiKTeX 2.9\tex\latex\tools\longtable.sty"
Package: longtable 2004/02/01 v4.11 Multi-page Table package (DPC)
\LTleft=\skip57
\LTright=\skip58
\LTpre=\skip59
\LTpost=\skip60
\LTchunksize=\count90
\LTcapwidth=\dimen104
\LT@head=\box27
\LT@firsthead=\box28
\LT@foot=\box29
\LT@lastfoot=\box30
\LT@cols=\count91
\LT@rows=\count92
\c@LT@tables=\count93
\c@LT@chunks=\count94
\LT@p@ftn=\toks17
)
Class scrbook Info: longtable captions redefined on input line 14.

("C:\Program Files (x86)\MiKTeX 2.9\tex\latex\graphics\color.sty"
Package: color 2005/11/14 v1.0j Standard LaTeX Color (DPC)

("C:\Program Files (x86)\MiKTeX 2.9\tex\latex\00miktex\color.cfg"
File: color.cfg 2007/01/18 v1.5 color configuration of teTeX/TeXLive
)
Package color Info: Driver file: pdftex.def on input line 130.

("C:\Program Files (x86)\MiKTeX 2.9\tex\latex\pdftex-def\pdftex.def"
File: pdftex.def 2011/05/27 v0.06d Graphics/color for pdfTeX

("C:\Program Files (x86)\MiKTeX 2.9\tex\generic\oberdiek\infwarerr.sty"
Package: infwarerr 2010/04/08 v1.3 Providing info/warning/error messages (HO)
)
("C:\Program Files (x86)\MiKTeX 2.9\tex\generic\oberdiek\ltxcmds.sty"
Package: ltxcmds 2011/11/09 v1.22 LaTeX kernel commands for general use (HO)
)
\Gread@gobject=\count95
))
("C:\Program Files (x86)\MiKTeX 2.9\tex\latex\float\float.sty"
Package: float 2001/11/08 v1.3d Float enhancements (AL)
\c@float@type=\count96
\float@exts=\toks18
\float@box=\box31
\@float@everytoks=\toks19
\@floatcapt=\box32
)
("C:\Program Files (x86)\MiKTeX 2.9\tex\latex\psnfss\times.sty"
Package: times 2005/04/12 PSNFSS-v9.2a (SPQR) 
)
("C:\Program Files (x86)\MiKTeX 2.9\tex\latex\listings\listings.sty"
\lst@mode=\count97
\lst@gtempboxa=\box33
\lst@token=\toks20
\lst@length=\count98
\lst@currlwidth=\dimen105
\lst@column=\count99
\lst@pos=\count100
\lst@lostspace=\dimen106
\lst@width=\dimen107
\lst@newlines=\count101
\lst@lineno=\count102
\lst@maxwidth=\dimen108

("C:\Program Files (x86)\MiKTeX 2.9\tex\latex\listings\lstmisc.sty"
File: lstmisc.sty 2013/08/26 1.5b (Carsten Heinz)
\c@lstnumber=\count103
\lst@skipnumbers=\count104
\lst@framebox=\box34
)
("C:\Program Files (x86)\MiKTeX 2.9\tex\latex\listings\listings.cfg"
File: listings.cfg 2013/08/26 1.5b listings configuration
))
Package: listings 2013/08/26 1.5b (Carsten Heinz)

(D:\SAJÁT\Documents\GitHub\Dokumentaciok\Dokumentacio_latex\szoftlab4\includes
/szglab4.sty ("C:\Program Files (x86)\MiKTeX 2.9\tex\latex\graphics\graphicx.st
y"
Package: graphicx 1999/02/16 v1.0f Enhanced LaTeX Graphics (DPC,SPQR)
 ("C:\Program Files (x86)\MiKTeX 2.9\tex\latex\graphics\graphics.sty"
Package: graphics 2009/02/05 v1.0o Standard LaTeX Graphics (DPC,SPQR)

("C:\Program Files (x86)\MiKTeX 2.9\tex\latex\graphics\trig.sty"
Package: trig 1999/03/16 v1.09 sin cos tan (DPC)
)
("C:\Program Files (x86)\MiKTeX 2.9\tex\latex\00miktex\graphics.cfg"
File: graphics.cfg 2007/01/18 v1.5 graphics configuration of teTeX/TeXLive
)
Package graphics Info: Driver file: pdftex.def on input line 91.
)
\Gin@req@height=\dimen109
\Gin@req@width=\dimen110
)
("C:\Program Files (x86)\MiKTeX 2.9\tex\latex\ltxmisc\anysize.sty"
Package: anysize 1994/08/13 1.0 Contributed LaTeX2e package

Package: `anysize' 1.0 <1994/08/13>
\@Leftmargin=\dimen111
\@Rightmargin=\dimen112
\@Topmargin=\dimen113
\@Bottommargin=\dimen114
)) ("C:\Program Files (x86)\MiKTeX 2.9\tex\latex\hyperref\hyperref.sty"
Package: hyperref 2012/11/06 v6.83m Hypertext links for LaTeX

("C:\Program Files (x86)\MiKTeX 2.9\tex\generic\oberdiek\hobsub-hyperref.sty"
Package: hobsub-hyperref 2012/04/25 v1.12 Bundle oberdiek, subset hyperref (HO)


("C:\Program Files (x86)\MiKTeX 2.9\tex\generic\oberdiek\hobsub-generic.sty"
Package: hobsub-generic 2012/04/25 v1.12 Bundle oberdiek, subset generic (HO)
Package: hobsub 2012/04/25 v1.12 Construct package bundles (HO)
Package hobsub Info: Skipping package `infwarerr' (already loaded).
Package hobsub Info: Skipping package `ltxcmds' (already loaded).
Package: ifluatex 2010/03/01 v1.3 Provides the ifluatex switch (HO)
Package ifluatex Info: LuaTeX not detected.
Package: ifvtex 2010/03/01 v1.5 Detect VTeX and its facilities (HO)
Package ifvtex Info: VTeX not detected.
Package: intcalc 2007/09/27 v1.1 Expandable calculations with integers (HO)
Package: ifpdf 2011/01/30 v2.3 Provides the ifpdf switch (HO)
Package ifpdf Info: pdfTeX in PDF mode is detected.
Package: etexcmds 2011/02/16 v1.5 Avoid name clashes with e-TeX commands (HO)
Package etexcmds Info: Could not find \expanded.
(etexcmds)             That can mean that you are not using pdfTeX 1.50 or
(etexcmds)             that some package has redefined \expanded.
(etexcmds)             In the latter case, load this package earlier.
Package: kvsetkeys 2012/04/25 v1.16 Key value parser (HO)
Package: kvdefinekeys 2011/04/07 v1.3 Define keys (HO)
Package: pdftexcmds 2011/11/29 v0.20 Utility functions of pdfTeX for LuaTeX (HO
)
Package pdftexcmds Info: LuaTeX not detected.
Package pdftexcmds Info: \pdf@primitive is available.
Package pdftexcmds Info: \pdf@ifprimitive is available.
Package pdftexcmds Info: \pdfdraftmode found.
Package: pdfescape 2011/11/25 v1.13 Implements pdfTeX's escape features (HO)
Package: bigintcalc 2012/04/08 v1.3 Expandable calculations on big integers (HO
)
Package: bitset 2011/01/30 v1.1 Handle bit-vector datatype (HO)
Package: uniquecounter 2011/01/30 v1.2 Provide unlimited unique counter (HO)
)
Package hobsub Info: Skipping package `hobsub' (already loaded).
Package: letltxmacro 2010/09/02 v1.4 Let assignment for LaTeX macros (HO)
Package: hopatch 2011/06/24 v1.1 Wrapper for package hooks (HO)
Package: xcolor-patch 2011/01/30 xcolor patch
Package: atveryend 2011/06/30 v1.8 Hooks at the very end of document (HO)
Package atveryend Info: \enddocument detected (standard20110627).
Package: atbegshi 2011/10/05 v1.16 At begin shipout hook (HO)
Package: refcount 2011/10/16 v3.4 Data extraction from label references (HO)
Package: hycolor 2011/01/30 v1.7 Color options for hyperref/bookmark (HO)
)
("C:\Program Files (x86)\MiKTeX 2.9\tex\generic\ifxetex\ifxetex.sty"
Package: ifxetex 2010/09/12 v0.6 Provides ifxetex conditional
)
("C:\Program Files (x86)\MiKTeX 2.9\tex\latex\oberdiek\auxhook.sty"
Package: auxhook 2011/03/04 v1.3 Hooks for auxiliary files (HO)
)
("C:\Program Files (x86)\MiKTeX 2.9\tex\latex\oberdiek\kvoptions.sty"
Package: kvoptions 2011/06/30 v3.11 Key value format for package options (HO)
)
\@linkdim=\dimen115
\Hy@linkcounter=\count105
\Hy@pagecounter=\count106

("C:\Program Files (x86)\MiKTeX 2.9\tex\latex\hyperref\pd1enc.def"
File: pd1enc.def 2012/11/06 v6.83m Hyperref: PDFDocEncoding definition (HO)
Now handling font encoding PD1 ...
... no UTF-8 mapping file for font encoding PD1
)
\Hy@SavedSpaceFactor=\count107

("C:\Program Files (x86)\MiKTeX 2.9\tex\latex\00miktex\hyperref.cfg"
File: hyperref.cfg 2002/06/06 v1.2 hyperref configuration of TeXLive
)
Package hyperref Info: Option `pdfdisplaydoctitle' set `true' on input line 431
9.
Package hyperref Info: Option `unicode' set `true' on input line 4319.

("C:\Program Files (x86)\MiKTeX 2.9\tex\latex\hyperref\puenc.def"
File: puenc.def 2012/11/06 v6.83m Hyperref: PDF Unicode definition (HO)
Now handling font encoding PU ...
... no UTF-8 mapping file for font encoding PU
)
Package hyperref Info: Hyper figures OFF on input line 4443.
Package hyperref Info: Link nesting OFF on input line 4448.
Package hyperref Info: Hyper index ON on input line 4451.
Package hyperref Info: Plain pages OFF on input line 4458.
Package hyperref Info: Backreferencing OFF on input line 4463.
Package hyperref Info: Implicit mode ON; LaTeX internals redefined.
Package hyperref Info: Bookmarks ON on input line 4688.
\c@Hy@tempcnt=\count108

("C:\Program Files (x86)\MiKTeX 2.9\tex\latex\url\url.sty"
\Urlmuskip=\muskip10
Package: url 2013/09/16  ver 3.4  Verb mode for urls, etc.
)
LaTeX Info: Redefining \url on input line 5041.
\XeTeXLinkMargin=\dimen116
\Fld@menulength=\count109
\Field@Width=\dimen117
\Fld@charsize=\dimen118
Package hyperref Info: Hyper figures OFF on input line 6295.
Package hyperref Info: Link nesting OFF on input line 6300.
Package hyperref Info: Hyper index ON on input line 6303.
Package hyperref Info: backreferencing OFF on input line 6310.
Package hyperref Info: Link coloring OFF on input line 6315.
Package hyperref Info: Link coloring with OCG OFF on input line 6320.
Package hyperref Info: PDF/A mode OFF on input line 6325.
LaTeX Info: Redefining \ref on input line 6365.
LaTeX Info: Redefining \pageref on input line 6369.
\Hy@abspage=\count110
\c@Item=\count111
\c@Hfootnote=\count112
)

Package hyperref Message: Driver (autodetected): hpdftex.

("C:\Program Files (x86)\MiKTeX 2.9\tex\latex\hyperref\hpdftex.def"
File: hpdftex.def 2012/11/06 v6.83m Hyperref driver for pdfTeX
\Fld@listcount=\count113
\c@bookmark@seq@number=\count114

("C:\Program Files (x86)\MiKTeX 2.9\tex\latex\oberdiek\rerunfilecheck.sty"
Package: rerunfilecheck 2011/04/15 v1.7 Rerun checks for auxiliary files (HO)
Package uniquecounter Info: New unique counter `rerunfilecheck' on input line 2
82.
)
\Hy@SectionHShift=\skip61
)
Package hyperref Info: Option `colorlinks' set `true' on input line 48.
Package hyperref Info: Option `bookmarksnumbered' set `true' on input line 48.
)
(D:\SAJÁT\Documents\GitHub\Dokumentaciok\Dokumentacio_latex\szoftlab4\szoftlab
4.aux

LaTeX Warning: Label `fig:SzkeletonUseCase1' multiply defined.

)
LaTeX Font Info:    Checking defaults for OML/cmm/m/it on input line 18.
LaTeX Font Info:    ... okay on input line 18.
LaTeX Font Info:    Checking defaults for T1/cmr/m/n on input line 18.
LaTeX Font Info:    ... okay on input line 18.
LaTeX Font Info:    Checking defaults for OT1/cmr/m/n on input line 18.
LaTeX Font Info:    ... okay on input line 18.
LaTeX Font Info:    Checking defaults for OMS/cmsy/m/n on input line 18.
LaTeX Font Info:    ... okay on input line 18.
LaTeX Font Info:    Checking defaults for OMX/cmex/m/n on input line 18.
LaTeX Font Info:    ... okay on input line 18.
LaTeX Font Info:    Checking defaults for U/cmr/m/n on input line 18.
LaTeX Font Info:    ... okay on input line 18.
LaTeX Font Info:    Checking defaults for PD1/pdf/m/n on input line 18.
LaTeX Font Info:    ... okay on input line 18.
LaTeX Font Info:    Checking defaults for PU/pdf/m/n on input line 18.
LaTeX Font Info:    ... okay on input line 18.
LaTeX Font Info:    Try loading font information for T1+ptm on input line 18.
 ("C:\Program Files (x86)\MiKTeX 2.9\tex\latex\psnfss\t1ptm.fd"
File: t1ptm.fd 2001/06/04 font definitions for T1/ptm.
)
("C:\Program Files (x86)\MiKTeX 2.9\tex\context\base\supp-pdf.mkii"
[Loading MPS to PDF converter (version 2006.09.02).]
\scratchcounter=\count115
\scratchdimen=\dimen119
\scratchbox=\box35
\nofMPsegments=\count116
\nofMParguments=\count117
\everyMPshowfont=\toks21
\MPscratchCnt=\count118
\MPscratchDim=\dimen120
\MPnumerator=\count119
\makeMPintoPDFobject=\count120
\everyMPtoPDFconversion=\toks22
)
\c@lstlisting=\count121
\AtBeginShipoutBox=\box36
Package hyperref Info: Link coloring ON on input line 18.
 ("C:\Program Files (x86)\MiKTeX 2.9\tex\latex\hyperref\nameref.sty"
Package: nameref 2012/10/27 v2.43 Cross-referencing by name of section

("C:\Program Files (x86)\MiKTeX 2.9\tex\generic\oberdiek\gettitlestring.sty"
Package: gettitlestring 2010/12/03 v1.4 Cleanup title references (HO)
)
\c@section@level=\count122
)
LaTeX Info: Redefining \ref on input line 18.
LaTeX Info: Redefining \pageref on input line 18.
LaTeX Info: Redefining \nameref on input line 18.

(D:\SAJÁT\Documents\GitHub\Dokumentaciok\Dokumentacio_latex\szoftlab4\szoftlab
4.out)
(D:\SAJÁT\Documents\GitHub\Dokumentaciok\Dokumentacio_latex\szoftlab4\szoftlab
4.out)
\@outlinefile=\write3
LaTeX Font Info:    Font shape `T1/ptm/bx/n' in size <24.88> not available
(Font)              Font shape `T1/ptm/b/n' tried instead on input line 25.
LaTeX Font Info:    External font `cmex10' loaded for size
(Font)              <10.95> on input line 25.
LaTeX Font Info:    External font `cmex10' loaded for size
(Font)              <8> on input line 25.
LaTeX Font Info:    External font `cmex10' loaded for size
(Font)              <6> on input line 25.

(D:\SAJÁT\Documents\GitHub\Dokumentaciok\Dokumentacio_latex\szoftlab4\chapters
/chapter05/sablon05.tex [1

{C:/ProgramData/MiKTeX/2.9/pdftex/config/pdftex.map}]
fejezet 5.

Class scrbook Warning: \float@addtolists detected!
(scrbook)              Implementation of \float@addtolist became
(scrbook)              deprecated in KOMA-Script v3.01 2008/11/14 and
(scrbook)              has been replaced by more several more flexible
(scrbook)              features of package `tocbasic`.
(scrbook)              Since Version 3.12 support for deprecated
(scrbook)              \float@addtolist interface has been
(scrbook)              restricted to only some of the KOMA-Script
(scrbook)              features and been removed from others.
(scrbook)              Loading of package `scrhack' may help to
(scrbook)              avoid this warning, if you are using a
(scrbook)              a package that still implements the
(scrbook)              deprecated \float@addtolist interface .

LaTeX Font Info:    Font shape `T1/ptm/bx/n' in size <10.95> not available
(Font)              Font shape `T1/ptm/b/n' tried instead on input line 4.
LaTeX Font Info:    Font shape `T1/ptm/bx/n' in size <17.28> not available
(Font)              Font shape `T1/ptm/b/n' tried instead on input line 4.

Package hyperref Warning: The anchor of a bookmark and its parent's must not
(hyperref)                be the same. Added a new anchor on input line 8.

<chapters/chapter05/images/user_uc_1.jpg, id=130, 941.5175pt x 405.515pt>
File: chapters/chapter05/images/user_uc_1.jpg Graphic file (type jpg)

<use chapters/chapter05/images/user_uc_1.jpg>
Package pdftex.def Info: chapters/chapter05/images/user_uc_1.jpg used on input 
line 16.
(pdftex.def)             Requested size: 483.69684pt x 208.33206pt.

<chapters/chapter05/images/user_uc_2.jpg, id=131, 972.63374pt x 433.62pt>
File: chapters/chapter05/images/user_uc_2.jpg Graphic file (type jpg)

<use chapters/chapter05/images/user_uc_2.jpg>
Package pdftex.def Info: chapters/chapter05/images/user_uc_2.jpg used on input 
line 26.
(pdftex.def)             Requested size: 483.69684pt x 215.63834pt.
 [2


 <D:/SAJÁT/Documents/GitHub/Dokumentaciok/Dokumentacio_latex/szoftlab4/chapter
s/chapter05/images/user_uc_1.jpg> <D:/SAJÁT/Documents/GitHub/Dokumentaciok/Dok
umentacio_latex/szoftlab4/chapters/chapter05/images/user_uc_2.jpg>]
Underfull \vbox (badness 10000) detected at line 39
 []


Underfull \vbox (badness 10000) detected at line 45
 []


Underfull \vbox (badness 10000) detected at line 51
 []


Underfull \vbox (badness 10000) detected at line 57
 []


Underfull \vbox (badness 10000) detected at line 63
 []


Underfull \vbox (badness 10000) detected at line 69
 []


Underfull \vbox (badness 10000) detected at line 75
 []

[3]
Underfull \vbox (badness 10000) detected at line 81
 []


Underfull \vbox (badness 10000) detected at line 87
 []


Underfull \vbox (badness 10000) detected at line 93
 []


Underfull \vbox (badness 10000) detected at line 99
 []


Underfull \vbox (badness 10000) detected at line 105
 []


Underfull \vbox (badness 10000) detected at line 111
 []

[4]
Underfull \vbox (badness 10000) detected at line 117
 []


Underfull \vbox (badness 10000) detected at line 123
 []


Underfull \vbox (badness 10000) detected at line 129
 []


Underfull \vbox (badness 10000) detected at line 135
 []


Underfull \vbox (badness 10000) detected at line 141
 []


Package hyperref Warning: The anchor of a bookmark and its parent's must not
(hyperref)                be the same. Added a new anchor on input line 146.

[5]
Underfull \vbox (badness 10000) detected at line 184
 []


Underfull \vbox (badness 10000) detected at line 190
 []


Underfull \vbox (badness 10000) detected at line 196
 []


Underfull \vbox (badness 10000) detected at line 202
 []


Underfull \vbox (badness 10000) detected at line 208
 []


Underfull \vbox (badness 10000) detected at line 214
 []

[6]
Underfull \vbox (badness 10000) detected at line 220
 []


Underfull \vbox (badness 10000) detected at line 226
 []


Underfull \vbox (badness 10000) detected at line 232
 []


Underfull \vbox (badness 10000) detected at line 237
 []


Underfull \vbox (badness 10000) detected at line 243
 []


Underfull \vbox (badness 10000) detected at line 249
 []


Underfull \vbox (badness 10000) detected at line 255
 []


Underfull \vbox (badness 10000) detected at line 261
 []


Underfull \vbox (badness 10000) detected at line 267
 []

[7]
Underfull \vbox (badness 10000) detected at line 273
 []


Package hyperref Warning: The anchor of a bookmark and its parent's must not
(hyperref)                be the same. Added a new anchor on input line 279.


<chapters/chapter05/images/sd_Akadaly_elhelyezese_ellenseg_altal_foglalt_utra.j
pg, id=190, 385.44pt x 208.78pt>
File: chapters/chapter05/images/sd_Akadaly_elhelyezese_ellenseg_altal_foglalt_u
tra.jpg Graphic file (type jpg)

<use chapters/chapter05/images/sd_Akadaly_elhelyezese_ellenseg_altal_foglalt_ut
ra.jpg>
Package pdftex.def Info: chapters/chapter05/images/sd_Akadaly_elhelyezese_ellen
seg_altal_foglalt_utra.jpg used on input line 282.
(pdftex.def)             Requested size: 483.69684pt x 262.00331pt.

<chapters/chapter05/images/sd_Akadaly_elhelyezese_masik_akadaly_altal_foglalt_u
tra.jpg, id=191, 385.44pt x 208.78pt>
File: chapters/chapter05/images/sd_Akadaly_elhelyezese_masik_akadaly_altal_fogl
alt_utra.jpg Graphic file (type jpg)

<use chapters/chapter05/images/sd_Akadaly_elhelyezese_masik_akadaly_altal_fogla
lt_utra.jpg>
Package pdftex.def Info: chapters/chapter05/images/sd_Akadaly_elhelyezese_masik
_akadaly_altal_foglalt_utra.jpg used on input line 291.
(pdftex.def)             Requested size: 483.69684pt x 262.00331pt.
 [8 <D:/SAJÁT/Documents/GitHub/Dokumentaciok/Dokumentacio_latex/szoftlab4/chap
ters/chapter05/images/sd_Akadaly_elhelyezese_ellenseg_altal_foglalt_utra.jpg>]
<chapters/chapter05/images/sd_Akadaly_elhelyezese_ures_utra.jpg, id=196, 678.53
5pt x 493.845pt>
File: chapters/chapter05/images/sd_Akadaly_elhelyezese_ures_utra.jpg Graphic fi
le (type jpg)

<use chapters/chapter05/images/sd_Akadaly_elhelyezese_ures_utra.jpg>
Package pdftex.def Info: chapters/chapter05/images/sd_Akadaly_elhelyezese_ures_
utra.jpg used on input line 300.
(pdftex.def)             Requested size: 483.69684pt x 352.03398pt.
 [9 <D:/SAJÁT/Documents/GitHub/Dokumentaciok/Dokumentacio_latex/szoftlab4/chap
ters/chapter05/images/sd_Akadaly_elhelyezese_masik_akadaly_altal_foglalt_utra.j
pg>]
<chapters/chapter05/images/sd_Akadaly_fejlesztese.jpg, id=201, 638.385pt x 738.
76pt>
File: chapters/chapter05/images/sd_Akadaly_fejlesztese.jpg Graphic file (type j
pg)
 <use chapters/chapter05/images/sd_Akadaly_fejlesztese.jpg>
Package pdftex.def Info: chapters/chapter05/images/sd_Akadaly_fejlesztese.jpg u
sed on input line 309.
(pdftex.def)             Requested size: 483.69684pt x 559.75pt.
 [10 <D:/SAJÁT/Documents/GitHub/Dokumentaciok/Dokumentacio_latex/szoftlab4/cha
pters/chapter05/images/sd_Akadaly_elhelyezese_ures_utra.jpg>]
<chapters/chapter05/images/sd_Ellenfel_mozgasa.jpg, id=206, 1308.89pt x 839.135
pt>
File: chapters/chapter05/images/sd_Ellenfel_mozgasa.jpg Graphic file (type jpg)

 <use chapters/chapter05/images/sd_Ellenfel_mozgasa.jpg>
Package pdftex.def Info: chapters/chapter05/images/sd_Ellenfel_mozgasa.jpg used
 on input line 318.
(pdftex.def)             Requested size: 483.69684pt x 310.09096pt.
 [11 <D:/SAJÁT/Documents/GitHub/Dokumentaciok/Dokumentacio_latex/szoftlab4/cha
pters/chapter05/images/sd_Akadaly_fejlesztese.jpg>]
<chapters/chapter05/images/sd_Fejlesztetlen_torony_eladasa.jpg, id=211, 574.145
pt x 369.38pt>
File: chapters/chapter05/images/sd_Fejlesztetlen_torony_eladasa.jpg Graphic fil
e (type jpg)

<use chapters/chapter05/images/sd_Fejlesztetlen_torony_eladasa.jpg>
Package pdftex.def Info: chapters/chapter05/images/sd_Fejlesztetlen_torony_elad
asa.jpg used on input line 327.
(pdftex.def)             Requested size: 483.69684pt x 311.19579pt.
 [12 <D:/SAJÁT/Documents/GitHub/Dokumentaciok/Dokumentacio_latex/szoftlab4/cha
pters/chapter05/images/sd_Ellenfel_mozgasa.jpg>]
<chapters/chapter05/images/sd_Fejlesztett_torony_eladasa.jpg, id=216, 574.145pt
 x 513.92pt>
File: chapters/chapter05/images/sd_Fejlesztett_torony_eladasa.jpg Graphic file 
(type jpg)
 <use chapters/chapter05/images/sd_Fejlesztett_torony_eladasa.jpg>
Package pdftex.def Info: chapters/chapter05/images/sd_Fejlesztett_torony_eladas
a.jpg used on input line 336.
(pdftex.def)             Requested size: 483.69684pt x 432.96805pt.

[13 <D:/SAJÁT/Documents/GitHub/Dokumentaciok/Dokumentacio_latex/szoftlab4/chap
ters/chapter05/images/sd_Fejlesztetlen_torony_eladasa.jpg>]
<chapters/chapter05/images/sd_Inicializalas.jpg, id=222, 554.07pt x 706.64pt>
File: chapters/chapter05/images/sd_Inicializalas.jpg Graphic file (type jpg)

<use chapters/chapter05/images/sd_Inicializalas.jpg>
Package pdftex.def Info: chapters/chapter05/images/sd_Inicializalas.jpg used on
 input line 345.
(pdftex.def)             Requested size: 483.69684pt x 616.8852pt.
 [14 <D:/SAJÁT/Documents/GitHub/Dokumentaciok/Dokumentacio_latex/szoftlab4/cha
pters/chapter05/images/sd_Fejlesztett_torony_eladasa.jpg>]
<chapters/chapter05/images/sd_Torony_elhelyezese_foglalt_mezore.jpg, id=227, 30
9.155pt x 204.765pt>
File: chapters/chapter05/images/sd_Torony_elhelyezese_foglalt_mezore.jpg Graphi
c file (type jpg)

<use chapters/chapter05/images/sd_Torony_elhelyezese_foglalt_mezore.jpg>
Package pdftex.def Info: chapters/chapter05/images/sd_Torony_elhelyezese_foglal
t_mezore.jpg used on input line 354.
(pdftex.def)             Requested size: 483.69684pt x 320.40067pt.

[15 <D:/SAJÁT/Documents/GitHub/Dokumentaciok/Dokumentacio_latex/szoftlab4/chap
ters/chapter05/images/sd_Inicializalas.jpg>]
<chapters/chapter05/images/sd_Torony_elhelyezese_ures_mezore.jpg, id=232, 590.2
05pt x 497.86pt>
File: chapters/chapter05/images/sd_Torony_elhelyezese_ures_mezore.jpg Graphic f
ile (type jpg)

<use chapters/chapter05/images/sd_Torony_elhelyezese_ures_mezore.jpg>
Package pdftex.def Info: chapters/chapter05/images/sd_Torony_elhelyezese_ures_m
ezore.jpg used on input line 363.
(pdftex.def)             Requested size: 483.69684pt x 408.01994pt.
 [16 <D:/SAJÁT/Documents/GitHub/Dokumentaciok/Dokumentacio_latex/szoftlab4/cha
pters/chapter05/images/sd_Torony_elhelyezese_foglalt_mezore.jpg>]
<chapters/chapter05/images/sd_Torony_fejlesztese_minden_gembol_eggyel.jpg, id=2
37, 807.015pt x 1100.11pt>
File: chapters/chapter05/images/sd_Torony_fejlesztese_minden_gembol_eggyel.jpg 
Graphic file (type jpg)

<use chapters/chapter05/images/sd_Torony_fejlesztese_minden_gembol_eggyel.jpg>
Package pdftex.def Info: chapters/chapter05/images/sd_Torony_fejlesztese_minden
_gembol_eggyel.jpg used on input line 372.
(pdftex.def)             Requested size: 483.69684pt x 659.36607pt.

[17 <D:/SAJÁT/Documents/GitHub/Dokumentaciok/Dokumentacio_latex/szoftlab4/chap
ters/chapter05/images/sd_Torony_elhelyezese_ures_mezore.jpg>]
Overfull \vbox (40.54185pt too high) has occurred while \output is active []


[18 <D:/SAJÁT/Documents/GitHub/Dokumentaciok/Dokumentacio_latex/szoftlab4/chap
ters/chapter05/images/sd_Torony_fejlesztese_minden_gembol_eggyel.jpg>]
<chapters/chapter05/images/sd_Torony_hatokoreben_nincs_ellenseg_tuzeleskor.jpg,
 id=246, 513.92pt x 369.38pt>
File: chapters/chapter05/images/sd_Torony_hatokoreben_nincs_ellenseg_tuzeleskor
.jpg Graphic file (type jpg)

<use chapters/chapter05/images/sd_Torony_hatokoreben_nincs_ellenseg_tuzeleskor.
jpg>
Package pdftex.def Info: chapters/chapter05/images/sd_Torony_hatokoreben_nincs_
ellenseg_tuzeleskor.jpg used on input line 381.
(pdftex.def)             Requested size: 483.69684pt x 347.6625pt.

<chapters/chapter05/images/sd_Torony_lelo_egy_ellenseget_fejlesztetlenul.jpg, i
d=247, 1116.17pt x 642.4pt>
File: chapters/chapter05/images/sd_Torony_lelo_egy_ellenseget_fejlesztetlenul.j
pg Graphic file (type jpg)

<use chapters/chapter05/images/sd_Torony_lelo_egy_ellenseget_fejlesztetlenul.jp
g>
Package pdftex.def Info: chapters/chapter05/images/sd_Torony_lelo_egy_ellensege
t_fejlesztetlenul.jpg used on input line 390.
(pdftex.def)             Requested size: 483.69684pt x 278.3831pt.
 [19 <D:/SAJÁT/Documents/GitHub/Dokumentaciok/Dokumentacio_latex/szoftlab4/cha
pters/chapter05/images/sd_Torony_hatokoreben_nincs_ellenseg_tuzeleskor.jpg>]
<chapters/chapter05/images/sd_Torony_tuzel_egy_ellensegre_fejlesztetlenul.jpg, 
id=253, 943.525pt x 429.605pt>
File: chapters/chapter05/images/sd_Torony_tuzel_egy_ellensegre_fejlesztetlenul.
jpg Graphic file (type jpg)

<use chapters/chapter05/images/sd_Torony_tuzel_egy_ellensegre_fejlesztetlenul.j
pg>
Package pdftex.def Info: chapters/chapter05/images/sd_Torony_tuzel_egy_ellenseg
re_fejlesztetlenul.jpg used on input line 399.
(pdftex.def)             Requested size: 483.69684pt x 220.23625pt.


Package hyperref Warning: The anchor of a bookmark and its parent's must not
(hyperref)                be the same. Added a new anchor on input line 410.


<chapters/chapter05/images/cd_Akadaly_elhelyezese_ellenseg_altal_foglalt_utra.j
pg, id=254, 513.92pt x 124.465pt>
File: chapters/chapter05/images/cd_Akadaly_elhelyezese_ellenseg_altal_foglalt_u
tra.jpg Graphic file (type jpg)

<use chapters/chapter05/images/cd_Akadaly_elhelyezese_ellenseg_altal_foglalt_ut
ra.jpg>
Package pdftex.def Info: chapters/chapter05/images/cd_Akadaly_elhelyezese_ellen
seg_altal_foglalt_utra.jpg used on input line 413.
(pdftex.def)             Requested size: 483.69684pt x 117.14714pt.
 [20 <D:/SAJÁT/Documents/GitHub/Dokumentaciok/Dokumentacio_latex/szoftlab4/cha
pters/chapter05/images/sd_Torony_lelo_egy_ellenseget_fejlesztetlenul.jpg> <D:/S
AJÁT/Documents/GitHub/Dokumentaciok/Dokumentacio_latex/szoftlab4/chapters/chap
ter05/images/sd_Torony_tuzel_egy_ellensegre_fejlesztetlenul.jpg>]
<chapters/chapter05/images/cd_Akadaly_elhelyezese_masik_akadaly_altal_foglalt_u
tra.jpg, id=259, 513.92pt x 124.465pt>
File: chapters/chapter05/images/cd_Akadaly_elhelyezese_masik_akadaly_altal_fogl
alt_utra.jpg Graphic file (type jpg)

<use chapters/chapter05/images/cd_Akadaly_elhelyezese_masik_akadaly_altal_fogla
lt_utra.jpg>
Package pdftex.def Info: chapters/chapter05/images/cd_Akadaly_elhelyezese_masik
_akadaly_altal_foglalt_utra.jpg used on input line 422.
(pdftex.def)             Requested size: 483.69684pt x 117.14714pt.

<chapters/chapter05/images/cd_Akadaly_elhelyezese_ures_utra.jpg, id=260, 529.98
pt x 329.23pt>
File: chapters/chapter05/images/cd_Akadaly_elhelyezese_ures_utra.jpg Graphic fi
le (type jpg)

<use chapters/chapter05/images/cd_Akadaly_elhelyezese_ures_utra.jpg>
Package pdftex.def Info: chapters/chapter05/images/cd_Akadaly_elhelyezese_ures_
utra.jpg used on input line 431.
(pdftex.def)             Requested size: 483.69684pt x 300.48392pt.
 [21 <D:/SAJÁT/Documents/GitHub/Dokumentaciok/Dokumentacio_latex/szoftlab4/cha
pters/chapter05/images/cd_Akadaly_elhelyezese_ellenseg_altal_foglalt_utra.jpg> 
<D:/SAJÁT/Documents/GitHub/Dokumentaciok/Dokumentacio_latex/szoftlab4/chapters
/chapter05/images/cd_Akadaly_elhelyezese_masik_akadaly_altal_foglalt_utra.jpg>]

<chapters/chapter05/images/cd_Akadaly_fejlesztese.jpg, id=265, 722.7pt x 405.51
5pt>
File: chapters/chapter05/images/cd_Akadaly_fejlesztese.jpg Graphic file (type j
pg)
 <use chapters/chapter05/images/cd_Akadaly_fejlesztese.jpg>
Package pdftex.def Info: chapters/chapter05/images/cd_Akadaly_fejlesztese.jpg u
sed on input line 440.
(pdftex.def)             Requested size: 483.69684pt x 271.409pt.
 [22 <D:/SAJÁT/Documents/GitHub/Dokumentaciok/Dokumentacio_latex/szoftlab4/cha
pters/chapter05/images/cd_Akadaly_elhelyezese_ures_utra.jpg>]
<chapters/chapter05/images/cd_Ellenfel_mozgasa.jpg, id=270, 1003.75pt x 401.5pt
>
File: chapters/chapter05/images/cd_Ellenfel_mozgasa.jpg Graphic file (type jpg)

 <use chapters/chapter05/images/cd_Ellenfel_mozgasa.jpg>
Package pdftex.def Info: chapters/chapter05/images/cd_Ellenfel_mozgasa.jpg used
 on input line 449.
(pdftex.def)             Requested size: 483.69684pt x 193.4836pt.

<chapters/chapter05/images/cd_Fejlesztetlen_torony_eladasa.jpg, id=271, 605.261
25pt x 235.88126pt>
File: chapters/chapter05/images/cd_Fejlesztetlen_torony_eladasa.jpg Graphic fil
e (type jpg)

<use chapters/chapter05/images/cd_Fejlesztetlen_torony_eladasa.jpg>
Package pdftex.def Info: chapters/chapter05/images/cd_Fejlesztetlen_torony_elad
asa.jpg used on input line 458.
(pdftex.def)             Requested size: 483.69684pt x 188.5073pt.
 [23 <D:/SAJÁT/Documents/GitHub/Dokumentaciok/Dokumentacio_latex/szoftlab4/cha
pters/chapter05/images/cd_Akadaly_fejlesztese.jpg> <D:/SAJÁT/Documents/GitHub/
Dokumentaciok/Dokumentacio_latex/szoftlab4/chapters/chapter05/images/cd_Ellenfe
l_mozgasa.jpg>]
<chapters/chapter05/images/cd_Fejlesztett_torony_eladasa.jpg, id=276, 661.47125
pt x 356.33125pt>
File: chapters/chapter05/images/cd_Fejlesztett_torony_eladasa.jpg Graphic file 
(type jpg)

<use chapters/chapter05/images/cd_Fejlesztett_torony_eladasa.jpg>
Package pdftex.def Info: chapters/chapter05/images/cd_Fejlesztett_torony_eladas
a.jpg used on input line 467.
(pdftex.def)             Requested size: 483.69684pt x 260.56004pt.

<chapters/chapter05/images/cd_Inicializalas.jpg, id=277, 819.06pt x 325.215pt>
File: chapters/chapter05/images/cd_Inicializalas.jpg Graphic file (type jpg)

<use chapters/chapter05/images/cd_Inicializalas.jpg>
Package pdftex.def Info: chapters/chapter05/images/cd_Inicializalas.jpg used on
 input line 476.
(pdftex.def)             Requested size: 483.69684pt x 192.05879pt.
 [24 <D:/SAJÁT/Documents/GitHub/Dokumentaciok/Dokumentacio_latex/szoftlab4/cha
pters/chapter05/images/cd_Fejlesztetlen_torony_eladasa.jpg> <D:/SAJÁT/Document
s/GitHub/Dokumentaciok/Dokumentacio_latex/szoftlab4/chapters/chapter05/images/c
d_Fejlesztett_torony_eladasa.jpg>]
<chapters/chapter05/images/cd_Torony_elhelyezese_foglalt_mezore.jpg, id=282, 38
1.425pt x 148.555pt>
File: chapters/chapter05/images/cd_Torony_elhelyezese_foglalt_mezore.jpg Graphi
c file (type jpg)

<use chapters/chapter05/images/cd_Torony_elhelyezese_foglalt_mezore.jpg>
Package pdftex.def Info: chapters/chapter05/images/cd_Torony_elhelyezese_foglal
t_mezore.jpg used on input line 485.
(pdftex.def)             Requested size: 483.69684pt x 188.39526pt.

<chapters/chapter05/images/cd_Torony_elhelyezese_ures_mezore.jpg, id=283, 610.2
8pt x 333.245pt>
File: chapters/chapter05/images/cd_Torony_elhelyezese_ures_mezore.jpg Graphic f
ile (type jpg)

<use chapters/chapter05/images/cd_Torony_elhelyezese_ures_mezore.jpg>
Package pdftex.def Info: chapters/chapter05/images/cd_Torony_elhelyezese_ures_m
ezore.jpg used on input line 494.
(pdftex.def)             Requested size: 483.69684pt x 264.13525pt.
 [25 <D:/SAJÁT/Documents/GitHub/Dokumentaciok/Dokumentacio_latex/szoftlab4/cha
pters/chapter05/images/cd_Inicializalas.jpg> <D:/SAJÁT/Documents/GitHub/Dokume
ntaciok/Dokumentacio_latex/szoftlab4/chapters/chapter05/images/cd_Torony_elhely
ezese_foglalt_mezore.jpg>]
<chapters/chapter05/images/cd_Torony_fejlesztese_minden_gembol_eggyel.jpg, id=2
89, 1112.155pt x 508.90125pt>
File: chapters/chapter05/images/cd_Torony_fejlesztese_minden_gembol_eggyel.jpg 
Graphic file (type jpg)

<use chapters/chapter05/images/cd_Torony_fejlesztese_minden_gembol_eggyel.jpg>
Package pdftex.def Info: chapters/chapter05/images/cd_Torony_fejlesztese_minden
_gembol_eggyel.jpg used on input line 503.
(pdftex.def)             Requested size: 483.69684pt x 221.33142pt.

<chapters/chapter05/images/cd_Torony_hatokoreben_nincs_ellenseg_tuzeleskor.jpg,
 id=290, 594.22pt x 240.9pt>
File: chapters/chapter05/images/cd_Torony_hatokoreben_nincs_ellenseg_tuzeleskor
.jpg Graphic file (type jpg)

<use chapters/chapter05/images/cd_Torony_hatokoreben_nincs_ellenseg_tuzeleskor.
jpg>
Package pdftex.def Info: chapters/chapter05/images/cd_Torony_hatokoreben_nincs_
ellenseg_tuzeleskor.jpg used on input line 512.
(pdftex.def)             Requested size: 483.69684pt x 196.10202pt.
 [26 <D:/SAJÁT/Documents/GitHub/Dokumentaciok/Dokumentacio_latex/szoftlab4/cha
pters/chapter05/images/cd_Torony_elhelyezese_ures_mezore.jpg> <D:/SAJÁT/Docume
nts/GitHub/Dokumentaciok/Dokumentacio_latex/szoftlab4/chapters/chapter05/images
/cd_Torony_fejlesztese_minden_gembol_eggyel.jpg>]
<chapters/chapter05/images/cd_Torony_lelo_egy_ellenseget_fejlesztetlenul.jpg, i
d=295, 574.145pt x 525.965pt>
File: chapters/chapter05/images/cd_Torony_lelo_egy_ellenseget_fejlesztetlenul.j
pg Graphic file (type jpg)

<use chapters/chapter05/images/cd_Torony_lelo_egy_ellenseget_fejlesztetlenul.jp
g>
Package pdftex.def Info: chapters/chapter05/images/cd_Torony_lelo_egy_ellensege
t_fejlesztetlenul.jpg used on input line 521.
(pdftex.def)             Requested size: 483.69684pt x 443.11574pt.
 [27 <D:/SAJÁT/Documents/GitHub/Dokumentaciok/Dokumentacio_latex/szoftlab4/cha
pters/chapter05/images/cd_Torony_hatokoreben_nincs_ellenseg_tuzeleskor.jpg>]
<chapters/chapter05/images/cd_Torony_tuzel_egy_ellensegre_fejlesztetlenul.jpg, 
id=300, 594.22pt x 389.455pt>
File: chapters/chapter05/images/cd_Torony_tuzel_egy_ellensegre_fejlesztetlenul.
jpg Graphic file (type jpg)

<use chapters/chapter05/images/cd_Torony_tuzel_egy_ellensegre_fejlesztetlenul.j
pg>
Package pdftex.def Info: chapters/chapter05/images/cd_Torony_tuzel_egy_ellenseg
re_fejlesztetlenul.jpg used on input line 530.
(pdftex.def)             Requested size: 483.69684pt x 317.0316pt.
 [28 <D:/SAJÁT/Documents/GitHub/Dokumentaciok/Dokumentacio_latex/szoftlab4/cha
pters/chapter05/images/cd_Torony_lelo_egy_ellenseget_fejlesztetlenul.jpg>])
(D:\SAJÁT\Documents\GitHub\Dokumentaciok\Dokumentacio_latex\szoftlab4\chapters
/chapter05/naplo05.tex
Underfull \hbox (badness 10000) in paragraph at lines 30--30
[]|\T1/ptm/m/n/10.95 2014.03.15.
 []


Underfull \hbox (badness 10000) in paragraph at lines 60--60
[]|\T1/ptm/m/n/10.95 2014.03.16.
 []


Underfull \hbox (badness 10000) in paragraph at lines 66--66
[]|\T1/ptm/m/n/10.95 2014.03.16.
 []

[29 <D:/SAJÁT/Documents/GitHub/Dokumentaciok/Dokumentacio_latex/szoftlab4/chap
ters/chapter05/images/cd_Torony_tuzel_egy_ellensegre_fejlesztetlenul.jpg>])
Package atveryend Info: Empty hook `BeforeClearDocument' on input line 83.

[30]
Package atveryend Info: Empty hook `AfterLastShipout' on input line 83.

(D:\SAJÁT\Documents\GitHub\Dokumentaciok\Dokumentacio_latex\szoftlab4\szoftlab
4.aux)
Package atveryend Info: Executing hook `AtVeryEndDocument' on input line 83.
Package atveryend Info: Executing hook `AtEndAfterFileList' on input line 83.
Package rerunfilecheck Info: File `szoftlab4.out' has not changed.
(rerunfilecheck)             Checksum: 7CE4568A2FEB8B87709006389A647BC9;9894.


LaTeX Warning: There were multiply-defined labels.

Package atveryend Info: Empty hook `AtVeryVeryEnd' on input line 83.
 ) 
Here is how much of TeX's memory you used:
 12357 strings out of 493921
 184919 string characters out of 3144867
 305296 words of memory out of 3000000
 15433 multiletter control sequences out of 15000+200000
 33305 words of font info for 41 fonts, out of 3000000 for 9000
 841 hyphenation exceptions out of 8191
 42i,12n,48p,436b,518s stack positions out of 5000i,500n,10000p,200000b,50000s
{C:/Program Files (x86)/MiKTeX 2.9/fonts/enc/dvips/fontname/8r.enc}<C:/Progra
m Files (x86)/MiKTeX 2.9/fonts/type1/public/amsfonts/cm/cmsy10.pfb><C:/Program 
Files (x86)/MiKTeX 2.9/fonts/type1/urw/times/utmb8a.pfb><C:/Program Files (x86)
/MiKTeX 2.9/fonts/type1/urw/times/utmr8a.pfb>
Output written on szoftlab4.pdf (30 pages, 1691114 bytes).
PDF statistics:
 343 PDF objects out of 1000 (max. 8388607)
 70 named destinations out of 1000 (max. 500000)
 455 words of extra memory for PDF output out of 10000 (max. 10000000)

